<html>
<head>
<title>TestNG:  Test on Chrome</title>
<link href="../testng.css" rel="stylesheet" type="text/css" />
<link href="../my-testng.css" rel="stylesheet" type="text/css" />

<style type="text/css">
.log { display: none;} 
.stack-trace { display: none;} 
</style>
<script type="text/javascript">
<!--
function flip(e) {
  current = e.style.display;
  if (current == 'block') {
    e.style.display = 'none';
    return 0;
  }
  else {
    e.style.display = 'block';
    return 1;
  }
}

function toggleBox(szDivId, elem, msg1, msg2)
{
  var res = -1;  if (document.getElementById) {
    res = flip(document.getElementById(szDivId));
  }
  else if (document.all) {
    // this is the way old msie versions work
    res = flip(document.all[szDivId]);
  }
  if(elem) {
    if(res == 0) elem.innerHTML = msg1; else elem.innerHTML = msg2;
  }

}

function toggleAllBoxes() {
  if (document.getElementsByTagName) {
    d = document.getElementsByTagName('div');
    for (i = 0; i < d.length; i++) {
      if (d[i].className == 'log') {
        flip(d[i]);
      }
    }
  }
}

// -->
</script>

</head>
<body>
<h2 align='center'>Test on Chrome</h2><table border='1' align="center">
<tr>
<td>Tests passed/Failed/Skipped:</td><td>2/1/9</td>
</tr><tr>
<td>Started on:</td><td>Tue Sep 08 20:55:22 PDT 2015</td>
</tr>
<tr><td>Total time:</td><td>641 seconds (641242 ms)</td>
</tr><tr>
<td>Included groups:</td><td></td>
</tr><tr>
<td>Excluded groups:</td><td></td>
</tr>
</table><p/>
<small><i>(Hover the method name to see the test class name)</i></small><p/>
<table width='100%' border='1' class='invocation-failed'>
<tr><td colspan='4' align='center'><b>FAILED CONFIGURATIONS</b></td></tr>
<tr><td><b>Test method</b></td>
<td width="30%"><b>Exception</b></td>
<td width="10%"><b>Time (seconds)</b></td>
<td><b>Instance</b></td>
</tr>
<tr>
<td title='com.rediff.testcases.LoginTest.beforeMethod()'><b>beforeMethod</b><br>Test class: com.rediff.testcases.LoginTest<br>Parameters: public void com.rediff.testcases.LoginTest.invalidLoginTest(java.util.Hashtable) throws com.framework.exception.SeleniumException, Chrome</td>
<td><div><pre>org.openqa.selenium.TimeoutException: timeout: Timed out receiving message from renderer: 600.000
  (Session info: chrome=45.0.2454.85)
  (Driver info: chromedriver=2.18.343845 (73dd713ba7fbfb73cbb514e62641d8c96a94682a),platform=Windows NT 6.1 SP1 x86_64) (WARNING: The server did not provide any stacktrace information)
Command duration or timeout: 600.04 seconds
Build info: version: &apos;2.47.1&apos;, revision: &apos;unknown&apos;, time: &apos;2015-07-30 11:02:44&apos;
System info: host: &apos;Shankar-PC&apos;, ip: &apos;192.168.1.2&apos;, os.name: &apos;Windows 7&apos;, os.arch: &apos;amd64&apos;, os.version: &apos;6.1&apos;, java.version: &apos;1.8.0_60&apos;
Driver info: org.openqa.selenium.chrome.ChromeDriver
Capabilities [{applicationCacheEnabled=false, rotatable=false, mobileEmulationEnabled=false, chrome={userDataDir=C:\Users\Shankar\AppData\Local\Temp\scoped_dir6952_9879}, takesHeapSnapshot=true, databaseEnabled=false, handlesAlerts=true, hasTouchScreen=false, version=45.0.2454.85, platform=XP, browserConnectionEnabled=false, nativeEvents=true, acceptSslCerts=true, locationContextEnabled=true, webStorageEnabled=true, browserName=chrome, takesScreenshot=true, javascriptEnabled=true, cssSelectorsEnabled=true}]
Session ID: 524cfa2941bb5ed21c4bff8bc5dbb634
	at org.openqa.selenium.remote.ErrorHandler.createThrowable(ErrorHandler.java:206)
	at org.openqa.selenium.remote.ErrorHandler.throwIfResponseFailed(ErrorHandler.java:158)
	at org.openqa.selenium.remote.RemoteWebDriver.execute(RemoteWebDriver.java:595)
	at org.openqa.selenium.remote.RemoteWebDriver.get(RemoteWebDriver.java:306)
	at com.framework.testtemplate.TestBase.startWebDriver(TestBase.java:112)
	at com.framework.testtemplate.TestBase.beforeMethod(TestBase.java:77)
	at java.util.concurrent.FutureTask.run(Unknown Source)
	at java.util.concurrent.ThreadPoolExecutor.runWorker(Unknown Source)
	at java.util.concurrent.ThreadPoolExecutor$Worker.run(Unknown Source)
	at java.lang.Thread.run(Unknown Source)
... Removed 22 stack frames</pre></div><a href='#' onClick='toggleBox("stack-trace1283448569", this, "Click to show all stack frames", "Click to hide stack frames")'>Click to show all stack frames</a>
<div class='stack-trace' id='stack-trace1283448569'><pre>org.openqa.selenium.TimeoutException: timeout: Timed out receiving message from renderer: 600.000
  (Session info: chrome=45.0.2454.85)
  (Driver info: chromedriver=2.18.343845 (73dd713ba7fbfb73cbb514e62641d8c96a94682a),platform=Windows NT 6.1 SP1 x86_64) (WARNING: The server did not provide any stacktrace information)
Command duration or timeout: 600.04 seconds
Build info: version: &apos;2.47.1&apos;, revision: &apos;unknown&apos;, time: &apos;2015-07-30 11:02:44&apos;
System info: host: &apos;Shankar-PC&apos;, ip: &apos;192.168.1.2&apos;, os.name: &apos;Windows 7&apos;, os.arch: &apos;amd64&apos;, os.version: &apos;6.1&apos;, java.version: &apos;1.8.0_60&apos;
Driver info: org.openqa.selenium.chrome.ChromeDriver
Capabilities [{applicationCacheEnabled=false, rotatable=false, mobileEmulationEnabled=false, chrome={userDataDir=C:\Users\Shankar\AppData\Local\Temp\scoped_dir6952_9879}, takesHeapSnapshot=true, databaseEnabled=false, handlesAlerts=true, hasTouchScreen=false, version=45.0.2454.85, platform=XP, browserConnectionEnabled=false, nativeEvents=true, acceptSslCerts=true, locationContextEnabled=true, webStorageEnabled=true, browserName=chrome, takesScreenshot=true, javascriptEnabled=true, cssSelectorsEnabled=true}]
Session ID: 524cfa2941bb5ed21c4bff8bc5dbb634
	at sun.reflect.NativeConstructorAccessorImpl.newInstance0(Native Method)
	at sun.reflect.NativeConstructorAccessorImpl.newInstance(Unknown Source)
	at sun.reflect.DelegatingConstructorAccessorImpl.newInstance(Unknown Source)
	at java.lang.reflect.Constructor.newInstance(Unknown Source)
	at org.openqa.selenium.remote.ErrorHandler.createThrowable(ErrorHandler.java:206)
	at org.openqa.selenium.remote.ErrorHandler.throwIfResponseFailed(ErrorHandler.java:158)
	at org.openqa.selenium.remote.RemoteWebDriver.execute(RemoteWebDriver.java:595)
	at org.openqa.selenium.remote.RemoteWebDriver.get(RemoteWebDriver.java:306)
	at com.framework.testtemplate.TestBase.startWebDriver(TestBase.java:112)
	at com.framework.testtemplate.TestBase.beforeMethod(TestBase.java:77)
	at sun.reflect.NativeMethodAccessorImpl.invoke0(Native Method)
	at sun.reflect.NativeMethodAccessorImpl.invoke(Unknown Source)
	at sun.reflect.DelegatingMethodAccessorImpl.invoke(Unknown Source)
	at java.lang.reflect.Method.invoke(Unknown Source)
	at org.testng.internal.MethodInvocationHelper.invokeMethod(MethodInvocationHelper.java:85)
	at org.testng.internal.Invoker.invokeConfigurationMethod(Invoker.java:510)
	at org.testng.internal.Invoker.invokeConfigurations(Invoker.java:211)
	at org.testng.internal.Invoker.invokeMethod(Invoker.java:585)
	at org.testng.internal.Invoker.invokeTestMethod(Invoker.java:821)
	at org.testng.internal.Invoker.invokeTestMethods(Invoker.java:1131)
	at org.testng.internal.TestMethodWorker.invokeTestMethods(TestMethodWorker.java:125)
	at org.testng.internal.TestMethodWorker.run(TestMethodWorker.java:108)
	at org.testng.TestRunner.privateRun(TestRunner.java:773)
	at org.testng.TestRunner.run(TestRunner.java:623)
	at org.testng.SuiteRunner.runTest(SuiteRunner.java:357)
	at org.testng.SuiteRunner.access$000(SuiteRunner.java:39)
	at org.testng.SuiteRunner$SuiteWorker.run(SuiteRunner.java:391)
	at org.testng.internal.thread.ThreadUtil$2.call(ThreadUtil.java:64)
	at java.util.concurrent.FutureTask.run(Unknown Source)
	at java.util.concurrent.ThreadPoolExecutor.runWorker(Unknown Source)
	at java.util.concurrent.ThreadPoolExecutor$Worker.run(Unknown Source)
	at java.lang.Thread.run(Unknown Source)
</pre></div></td>
<td>0</td>
<td>com.rediff.testcases.LoginTest@37f1104d</td></tr>
<tr>
<td title='com.rediff.testcases.LoginTest.TearDown()'><b>TearDown</b><br>Test class: com.rediff.testcases.LoginTest<br>Parameters: [TestResult name=invalidLoginTest status=SKIP method=LoginTest.invalidLoginTest(java.util.Hashtable)[pri:0, instance:com.rediff.testcases.LoginTest@37f1104d] output={null}], public void com.rediff.testcases.LoginTest.invalidLoginTest(java.util.Hashtable) throws com.framework.exception.SeleniumException</td>
<td><div><pre>java.lang.NullPointerException
	at com.relevantcodes.extentreports.ExtentReports.endTest(ExtentReports.java:150)
	at com.framework.testtemplate.TestBase.TearDown(TestBase.java:176)
	at java.util.concurrent.FutureTask.run(Unknown Source)
	at java.util.concurrent.ThreadPoolExecutor.runWorker(Unknown Source)
	at java.util.concurrent.ThreadPoolExecutor$Worker.run(Unknown Source)
	at java.lang.Thread.run(Unknown Source)
... Removed 18 stack frames</pre></div><a href='#' onClick='toggleBox("stack-trace2103064418", this, "Click to show all stack frames", "Click to hide stack frames")'>Click to show all stack frames</a>
<div class='stack-trace' id='stack-trace2103064418'><pre>java.lang.NullPointerException
	at com.relevantcodes.extentreports.ExtentReports.endTest(ExtentReports.java:150)
	at com.framework.testtemplate.TestBase.TearDown(TestBase.java:176)
	at sun.reflect.NativeMethodAccessorImpl.invoke0(Native Method)
	at sun.reflect.NativeMethodAccessorImpl.invoke(Unknown Source)
	at sun.reflect.DelegatingMethodAccessorImpl.invoke(Unknown Source)
	at java.lang.reflect.Method.invoke(Unknown Source)
	at org.testng.internal.MethodInvocationHelper.invokeMethod(MethodInvocationHelper.java:85)
	at org.testng.internal.Invoker.invokeConfigurationMethod(Invoker.java:510)
	at org.testng.internal.Invoker.invokeConfigurations(Invoker.java:211)
	at org.testng.internal.Invoker.invokeMethod(Invoker.java:708)
	at org.testng.internal.Invoker.invokeTestMethod(Invoker.java:821)
	at org.testng.internal.Invoker.invokeTestMethods(Invoker.java:1131)
	at org.testng.internal.TestMethodWorker.invokeTestMethods(TestMethodWorker.java:125)
	at org.testng.internal.TestMethodWorker.run(TestMethodWorker.java:108)
	at org.testng.TestRunner.privateRun(TestRunner.java:773)
	at org.testng.TestRunner.run(TestRunner.java:623)
	at org.testng.SuiteRunner.runTest(SuiteRunner.java:357)
	at org.testng.SuiteRunner.access$000(SuiteRunner.java:39)
	at org.testng.SuiteRunner$SuiteWorker.run(SuiteRunner.java:391)
	at org.testng.internal.thread.ThreadUtil$2.call(ThreadUtil.java:64)
	at java.util.concurrent.FutureTask.run(Unknown Source)
	at java.util.concurrent.ThreadPoolExecutor.runWorker(Unknown Source)
	at java.util.concurrent.ThreadPoolExecutor$Worker.run(Unknown Source)
	at java.lang.Thread.run(Unknown Source)
</pre></div></td>
<td>0</td>
<td>com.rediff.testcases.LoginTest@37f1104d</td></tr>
<tr>
<td title='com.rediff.testcases.LoginTest.TearDown()'><b>TearDown</b><br>Test class: com.rediff.testcases.LoginTest<br>Parameters: [TestResult name=invalidLoginTest status=SKIP method=LoginTest.invalidLoginTest(java.util.Hashtable)[pri:0, instance:com.rediff.testcases.LoginTest@37f1104d] output={null}], public void com.rediff.testcases.LoginTest.invalidLoginTest(java.util.Hashtable) throws com.framework.exception.SeleniumException</td>
<td><div><pre>java.lang.NullPointerException
	at com.relevantcodes.extentreports.ExtentReports.endTest(ExtentReports.java:150)
	at com.framework.testtemplate.TestBase.TearDown(TestBase.java:176)
	at java.util.concurrent.FutureTask.run(Unknown Source)
	at java.util.concurrent.ThreadPoolExecutor.runWorker(Unknown Source)
	at java.util.concurrent.ThreadPoolExecutor$Worker.run(Unknown Source)
	at java.lang.Thread.run(Unknown Source)
... Removed 17 stack frames</pre></div><a href='#' onClick='toggleBox("stack-trace912234797", this, "Click to show all stack frames", "Click to hide stack frames")'>Click to show all stack frames</a>
<div class='stack-trace' id='stack-trace912234797'><pre>java.lang.NullPointerException
	at com.relevantcodes.extentreports.ExtentReports.endTest(ExtentReports.java:150)
	at com.framework.testtemplate.TestBase.TearDown(TestBase.java:176)
	at sun.reflect.GeneratedMethodAccessor22.invoke(Unknown Source)
	at sun.reflect.DelegatingMethodAccessorImpl.invoke(Unknown Source)
	at java.lang.reflect.Method.invoke(Unknown Source)
	at org.testng.internal.MethodInvocationHelper.invokeMethod(MethodInvocationHelper.java:85)
	at org.testng.internal.Invoker.invokeConfigurationMethod(Invoker.java:510)
	at org.testng.internal.Invoker.invokeConfigurations(Invoker.java:211)
	at org.testng.internal.Invoker.invokeMethod(Invoker.java:708)
	at org.testng.internal.Invoker.invokeTestMethod(Invoker.java:821)
	at org.testng.internal.Invoker.invokeTestMethods(Invoker.java:1131)
	at org.testng.internal.TestMethodWorker.invokeTestMethods(TestMethodWorker.java:125)
	at org.testng.internal.TestMethodWorker.run(TestMethodWorker.java:108)
	at org.testng.TestRunner.privateRun(TestRunner.java:773)
	at org.testng.TestRunner.run(TestRunner.java:623)
	at org.testng.SuiteRunner.runTest(SuiteRunner.java:357)
	at org.testng.SuiteRunner.access$000(SuiteRunner.java:39)
	at org.testng.SuiteRunner$SuiteWorker.run(SuiteRunner.java:391)
	at org.testng.internal.thread.ThreadUtil$2.call(ThreadUtil.java:64)
	at java.util.concurrent.FutureTask.run(Unknown Source)
	at java.util.concurrent.ThreadPoolExecutor.runWorker(Unknown Source)
	at java.util.concurrent.ThreadPoolExecutor$Worker.run(Unknown Source)
	at java.lang.Thread.run(Unknown Source)
</pre></div></td>
<td>0</td>
<td>com.rediff.testcases.LoginTest@37f1104d</td></tr>
<tr>
<td title='com.rediff.testcases.LoginTest.TearDown()'><b>TearDown</b><br>Test class: com.rediff.testcases.LoginTest<br>Parameters: [TestResult name=invalidLoginTest status=SKIP method=LoginTest.invalidLoginTest(java.util.Hashtable)[pri:0, instance:com.rediff.testcases.LoginTest@37f1104d] output={null}], public void com.rediff.testcases.LoginTest.invalidLoginTest(java.util.Hashtable) throws com.framework.exception.SeleniumException</td>
<td><div><pre>java.lang.NullPointerException
	at com.relevantcodes.extentreports.ExtentReports.endTest(ExtentReports.java:150)
	at com.framework.testtemplate.TestBase.TearDown(TestBase.java:176)
	at java.util.concurrent.FutureTask.run(Unknown Source)
	at java.util.concurrent.ThreadPoolExecutor.runWorker(Unknown Source)
	at java.util.concurrent.ThreadPoolExecutor$Worker.run(Unknown Source)
	at java.lang.Thread.run(Unknown Source)
... Removed 17 stack frames</pre></div><a href='#' onClick='toggleBox("stack-trace1756212664", this, "Click to show all stack frames", "Click to hide stack frames")'>Click to show all stack frames</a>
<div class='stack-trace' id='stack-trace1756212664'><pre>java.lang.NullPointerException
	at com.relevantcodes.extentreports.ExtentReports.endTest(ExtentReports.java:150)
	at com.framework.testtemplate.TestBase.TearDown(TestBase.java:176)
	at sun.reflect.GeneratedMethodAccessor22.invoke(Unknown Source)
	at sun.reflect.DelegatingMethodAccessorImpl.invoke(Unknown Source)
	at java.lang.reflect.Method.invoke(Unknown Source)
	at org.testng.internal.MethodInvocationHelper.invokeMethod(MethodInvocationHelper.java:85)
	at org.testng.internal.Invoker.invokeConfigurationMethod(Invoker.java:510)
	at org.testng.internal.Invoker.invokeConfigurations(Invoker.java:211)
	at org.testng.internal.Invoker.invokeMethod(Invoker.java:708)
	at org.testng.internal.Invoker.invokeTestMethod(Invoker.java:821)
	at org.testng.internal.Invoker.invokeTestMethods(Invoker.java:1131)
	at org.testng.internal.TestMethodWorker.invokeTestMethods(TestMethodWorker.java:125)
	at org.testng.internal.TestMethodWorker.run(TestMethodWorker.java:108)
	at org.testng.TestRunner.privateRun(TestRunner.java:773)
	at org.testng.TestRunner.run(TestRunner.java:623)
	at org.testng.SuiteRunner.runTest(SuiteRunner.java:357)
	at org.testng.SuiteRunner.access$000(SuiteRunner.java:39)
	at org.testng.SuiteRunner$SuiteWorker.run(SuiteRunner.java:391)
	at org.testng.internal.thread.ThreadUtil$2.call(ThreadUtil.java:64)
	at java.util.concurrent.FutureTask.run(Unknown Source)
	at java.util.concurrent.ThreadPoolExecutor.runWorker(Unknown Source)
	at java.util.concurrent.ThreadPoolExecutor$Worker.run(Unknown Source)
	at java.lang.Thread.run(Unknown Source)
</pre></div></td>
<td>0</td>
<td>com.rediff.testcases.LoginTest@37f1104d</td></tr>
<tr>
<td title='com.rediff.testcases.LoginTest.TearDown()'><b>TearDown</b><br>Test class: com.rediff.testcases.LoginTest<br>Parameters: [TestResult name=invalidLoginTest status=SKIP method=LoginTest.invalidLoginTest(java.util.Hashtable)[pri:0, instance:com.rediff.testcases.LoginTest@37f1104d] output={null}], public void com.rediff.testcases.LoginTest.invalidLoginTest(java.util.Hashtable) throws com.framework.exception.SeleniumException</td>
<td><div><pre>java.lang.NullPointerException
	at com.relevantcodes.extentreports.ExtentReports.endTest(ExtentReports.java:150)
	at com.framework.testtemplate.TestBase.TearDown(TestBase.java:176)
	at java.util.concurrent.FutureTask.run(Unknown Source)
	at java.util.concurrent.ThreadPoolExecutor.runWorker(Unknown Source)
	at java.util.concurrent.ThreadPoolExecutor$Worker.run(Unknown Source)
	at java.lang.Thread.run(Unknown Source)
... Removed 17 stack frames</pre></div><a href='#' onClick='toggleBox("stack-trace901945513", this, "Click to show all stack frames", "Click to hide stack frames")'>Click to show all stack frames</a>
<div class='stack-trace' id='stack-trace901945513'><pre>java.lang.NullPointerException
	at com.relevantcodes.extentreports.ExtentReports.endTest(ExtentReports.java:150)
	at com.framework.testtemplate.TestBase.TearDown(TestBase.java:176)
	at sun.reflect.GeneratedMethodAccessor22.invoke(Unknown Source)
	at sun.reflect.DelegatingMethodAccessorImpl.invoke(Unknown Source)
	at java.lang.reflect.Method.invoke(Unknown Source)
	at org.testng.internal.MethodInvocationHelper.invokeMethod(MethodInvocationHelper.java:85)
	at org.testng.internal.Invoker.invokeConfigurationMethod(Invoker.java:510)
	at org.testng.internal.Invoker.invokeConfigurations(Invoker.java:211)
	at org.testng.internal.Invoker.invokeMethod(Invoker.java:708)
	at org.testng.internal.Invoker.invokeTestMethod(Invoker.java:821)
	at org.testng.internal.Invoker.invokeTestMethods(Invoker.java:1131)
	at org.testng.internal.TestMethodWorker.invokeTestMethods(TestMethodWorker.java:125)
	at org.testng.internal.TestMethodWorker.run(TestMethodWorker.java:108)
	at org.testng.TestRunner.privateRun(TestRunner.java:773)
	at org.testng.TestRunner.run(TestRunner.java:623)
	at org.testng.SuiteRunner.runTest(SuiteRunner.java:357)
	at org.testng.SuiteRunner.access$000(SuiteRunner.java:39)
	at org.testng.SuiteRunner$SuiteWorker.run(SuiteRunner.java:391)
	at org.testng.internal.thread.ThreadUtil$2.call(ThreadUtil.java:64)
	at java.util.concurrent.FutureTask.run(Unknown Source)
	at java.util.concurrent.ThreadPoolExecutor.runWorker(Unknown Source)
	at java.util.concurrent.ThreadPoolExecutor$Worker.run(Unknown Source)
	at java.lang.Thread.run(Unknown Source)
</pre></div></td>
<td>0</td>
<td>com.rediff.testcases.LoginTest@37f1104d</td></tr>
<tr>
<td title='com.rediff.testcases.LoginTest.TearDown()'><b>TearDown</b><br>Test class: com.rediff.testcases.LoginTest<br>Parameters: [TestResult name=invalidLoginTest status=SKIP method=LoginTest.invalidLoginTest(java.util.Hashtable)[pri:0, instance:com.rediff.testcases.LoginTest@37f1104d] output={null}], public void com.rediff.testcases.LoginTest.invalidLoginTest(java.util.Hashtable) throws com.framework.exception.SeleniumException</td>
<td><div><pre>java.lang.NullPointerException
	at com.relevantcodes.extentreports.ExtentReports.endTest(ExtentReports.java:150)
	at com.framework.testtemplate.TestBase.TearDown(TestBase.java:176)
	at java.util.concurrent.FutureTask.run(Unknown Source)
	at java.util.concurrent.ThreadPoolExecutor.runWorker(Unknown Source)
	at java.util.concurrent.ThreadPoolExecutor$Worker.run(Unknown Source)
	at java.lang.Thread.run(Unknown Source)
... Removed 17 stack frames</pre></div><a href='#' onClick='toggleBox("stack-trace1047786852", this, "Click to show all stack frames", "Click to hide stack frames")'>Click to show all stack frames</a>
<div class='stack-trace' id='stack-trace1047786852'><pre>java.lang.NullPointerException
	at com.relevantcodes.extentreports.ExtentReports.endTest(ExtentReports.java:150)
	at com.framework.testtemplate.TestBase.TearDown(TestBase.java:176)
	at sun.reflect.GeneratedMethodAccessor22.invoke(Unknown Source)
	at sun.reflect.DelegatingMethodAccessorImpl.invoke(Unknown Source)
	at java.lang.reflect.Method.invoke(Unknown Source)
	at org.testng.internal.MethodInvocationHelper.invokeMethod(MethodInvocationHelper.java:85)
	at org.testng.internal.Invoker.invokeConfigurationMethod(Invoker.java:510)
	at org.testng.internal.Invoker.invokeConfigurations(Invoker.java:211)
	at org.testng.internal.Invoker.invokeMethod(Invoker.java:708)
	at org.testng.internal.Invoker.invokeTestMethod(Invoker.java:821)
	at org.testng.internal.Invoker.invokeTestMethods(Invoker.java:1131)
	at org.testng.internal.TestMethodWorker.invokeTestMethods(TestMethodWorker.java:125)
	at org.testng.internal.TestMethodWorker.run(TestMethodWorker.java:108)
	at org.testng.TestRunner.privateRun(TestRunner.java:773)
	at org.testng.TestRunner.run(TestRunner.java:623)
	at org.testng.SuiteRunner.runTest(SuiteRunner.java:357)
	at org.testng.SuiteRunner.access$000(SuiteRunner.java:39)
	at org.testng.SuiteRunner$SuiteWorker.run(SuiteRunner.java:391)
	at org.testng.internal.thread.ThreadUtil$2.call(ThreadUtil.java:64)
	at java.util.concurrent.FutureTask.run(Unknown Source)
	at java.util.concurrent.ThreadPoolExecutor.runWorker(Unknown Source)
	at java.util.concurrent.ThreadPoolExecutor$Worker.run(Unknown Source)
	at java.lang.Thread.run(Unknown Source)
</pre></div></td>
<td>0</td>
<td>com.rediff.testcases.LoginTest@37f1104d</td></tr>
<tr>
<td title='com.rediff.testcases.LoginTest.TearDown()'><b>TearDown</b><br>Test class: com.rediff.testcases.LoginTest<br>Parameters: [TestResult name=invalidLoginTest status=SKIP method=LoginTest.invalidLoginTest(java.util.Hashtable)[pri:0, instance:com.rediff.testcases.LoginTest@37f1104d] output={null}], public void com.rediff.testcases.LoginTest.invalidLoginTest(java.util.Hashtable) throws com.framework.exception.SeleniumException</td>
<td><div><pre>java.lang.NullPointerException
	at com.relevantcodes.extentreports.ExtentReports.endTest(ExtentReports.java:150)
	at com.framework.testtemplate.TestBase.TearDown(TestBase.java:176)
	at java.util.concurrent.FutureTask.run(Unknown Source)
	at java.util.concurrent.ThreadPoolExecutor.runWorker(Unknown Source)
	at java.util.concurrent.ThreadPoolExecutor$Worker.run(Unknown Source)
	at java.lang.Thread.run(Unknown Source)
... Removed 17 stack frames</pre></div><a href='#' onClick='toggleBox("stack-trace112913502", this, "Click to show all stack frames", "Click to hide stack frames")'>Click to show all stack frames</a>
<div class='stack-trace' id='stack-trace112913502'><pre>java.lang.NullPointerException
	at com.relevantcodes.extentreports.ExtentReports.endTest(ExtentReports.java:150)
	at com.framework.testtemplate.TestBase.TearDown(TestBase.java:176)
	at sun.reflect.GeneratedMethodAccessor22.invoke(Unknown Source)
	at sun.reflect.DelegatingMethodAccessorImpl.invoke(Unknown Source)
	at java.lang.reflect.Method.invoke(Unknown Source)
	at org.testng.internal.MethodInvocationHelper.invokeMethod(MethodInvocationHelper.java:85)
	at org.testng.internal.Invoker.invokeConfigurationMethod(Invoker.java:510)
	at org.testng.internal.Invoker.invokeConfigurations(Invoker.java:211)
	at org.testng.internal.Invoker.invokeMethod(Invoker.java:708)
	at org.testng.internal.Invoker.invokeTestMethod(Invoker.java:821)
	at org.testng.internal.Invoker.invokeTestMethods(Invoker.java:1131)
	at org.testng.internal.TestMethodWorker.invokeTestMethods(TestMethodWorker.java:125)
	at org.testng.internal.TestMethodWorker.run(TestMethodWorker.java:108)
	at org.testng.TestRunner.privateRun(TestRunner.java:773)
	at org.testng.TestRunner.run(TestRunner.java:623)
	at org.testng.SuiteRunner.runTest(SuiteRunner.java:357)
	at org.testng.SuiteRunner.access$000(SuiteRunner.java:39)
	at org.testng.SuiteRunner$SuiteWorker.run(SuiteRunner.java:391)
	at org.testng.internal.thread.ThreadUtil$2.call(ThreadUtil.java:64)
	at java.util.concurrent.FutureTask.run(Unknown Source)
	at java.util.concurrent.ThreadPoolExecutor.runWorker(Unknown Source)
	at java.util.concurrent.ThreadPoolExecutor$Worker.run(Unknown Source)
	at java.lang.Thread.run(Unknown Source)
</pre></div></td>
<td>0</td>
<td>com.rediff.testcases.LoginTest@37f1104d</td></tr>
<tr>
<td title='com.rediff.testcases.LoginTest.TearDown()'><b>TearDown</b><br>Test class: com.rediff.testcases.LoginTest<br>Parameters: [TestResult name=invalidLoginTest status=SKIP method=LoginTest.invalidLoginTest(java.util.Hashtable)[pri:0, instance:com.rediff.testcases.LoginTest@37f1104d] output={null}], public void com.rediff.testcases.LoginTest.invalidLoginTest(java.util.Hashtable) throws com.framework.exception.SeleniumException</td>
<td><div><pre>java.lang.NullPointerException
	at com.relevantcodes.extentreports.ExtentReports.endTest(ExtentReports.java:150)
	at com.framework.testtemplate.TestBase.TearDown(TestBase.java:176)
	at java.util.concurrent.FutureTask.run(Unknown Source)
	at java.util.concurrent.ThreadPoolExecutor.runWorker(Unknown Source)
	at java.util.concurrent.ThreadPoolExecutor$Worker.run(Unknown Source)
	at java.lang.Thread.run(Unknown Source)
... Removed 17 stack frames</pre></div><a href='#' onClick='toggleBox("stack-trace236260752", this, "Click to show all stack frames", "Click to hide stack frames")'>Click to show all stack frames</a>
<div class='stack-trace' id='stack-trace236260752'><pre>java.lang.NullPointerException
	at com.relevantcodes.extentreports.ExtentReports.endTest(ExtentReports.java:150)
	at com.framework.testtemplate.TestBase.TearDown(TestBase.java:176)
	at sun.reflect.GeneratedMethodAccessor22.invoke(Unknown Source)
	at sun.reflect.DelegatingMethodAccessorImpl.invoke(Unknown Source)
	at java.lang.reflect.Method.invoke(Unknown Source)
	at org.testng.internal.MethodInvocationHelper.invokeMethod(MethodInvocationHelper.java:85)
	at org.testng.internal.Invoker.invokeConfigurationMethod(Invoker.java:510)
	at org.testng.internal.Invoker.invokeConfigurations(Invoker.java:211)
	at org.testng.internal.Invoker.invokeMethod(Invoker.java:708)
	at org.testng.internal.Invoker.invokeTestMethod(Invoker.java:821)
	at org.testng.internal.Invoker.invokeTestMethods(Invoker.java:1131)
	at org.testng.internal.TestMethodWorker.invokeTestMethods(TestMethodWorker.java:125)
	at org.testng.internal.TestMethodWorker.run(TestMethodWorker.java:108)
	at org.testng.TestRunner.privateRun(TestRunner.java:773)
	at org.testng.TestRunner.run(TestRunner.java:623)
	at org.testng.SuiteRunner.runTest(SuiteRunner.java:357)
	at org.testng.SuiteRunner.access$000(SuiteRunner.java:39)
	at org.testng.SuiteRunner$SuiteWorker.run(SuiteRunner.java:391)
	at org.testng.internal.thread.ThreadUtil$2.call(ThreadUtil.java:64)
	at java.util.concurrent.FutureTask.run(Unknown Source)
	at java.util.concurrent.ThreadPoolExecutor.runWorker(Unknown Source)
	at java.util.concurrent.ThreadPoolExecutor$Worker.run(Unknown Source)
	at java.lang.Thread.run(Unknown Source)
</pre></div></td>
<td>0</td>
<td>com.rediff.testcases.LoginTest@37f1104d</td></tr>
<tr>
<td title='com.rediff.testcases.LoginTest.TearDown()'><b>TearDown</b><br>Test class: com.rediff.testcases.LoginTest<br>Parameters: [TestResult name=sucessfullLoginTest status=SKIP method=LoginTest.sucessfullLoginTest(java.util.Hashtable)[pri:0, instance:com.rediff.testcases.LoginTest@37f1104d] output={null}], public void com.rediff.testcases.LoginTest.sucessfullLoginTest(java.util.Hashtable) throws com.framework.exception.SeleniumException</td>
<td><div><pre>java.lang.NullPointerException
	at com.relevantcodes.extentreports.ExtentReports.endTest(ExtentReports.java:150)
	at com.framework.testtemplate.TestBase.TearDown(TestBase.java:176)
	at java.util.concurrent.FutureTask.run(Unknown Source)
	at java.util.concurrent.ThreadPoolExecutor.runWorker(Unknown Source)
	at java.util.concurrent.ThreadPoolExecutor$Worker.run(Unknown Source)
	at java.lang.Thread.run(Unknown Source)
... Removed 17 stack frames</pre></div><a href='#' onClick='toggleBox("stack-trace79781884", this, "Click to show all stack frames", "Click to hide stack frames")'>Click to show all stack frames</a>
<div class='stack-trace' id='stack-trace79781884'><pre>java.lang.NullPointerException
	at com.relevantcodes.extentreports.ExtentReports.endTest(ExtentReports.java:150)
	at com.framework.testtemplate.TestBase.TearDown(TestBase.java:176)
	at sun.reflect.GeneratedMethodAccessor22.invoke(Unknown Source)
	at sun.reflect.DelegatingMethodAccessorImpl.invoke(Unknown Source)
	at java.lang.reflect.Method.invoke(Unknown Source)
	at org.testng.internal.MethodInvocationHelper.invokeMethod(MethodInvocationHelper.java:85)
	at org.testng.internal.Invoker.invokeConfigurationMethod(Invoker.java:510)
	at org.testng.internal.Invoker.invokeConfigurations(Invoker.java:211)
	at org.testng.internal.Invoker.invokeMethod(Invoker.java:708)
	at org.testng.internal.Invoker.invokeTestMethod(Invoker.java:821)
	at org.testng.internal.Invoker.invokeTestMethods(Invoker.java:1131)
	at org.testng.internal.TestMethodWorker.invokeTestMethods(TestMethodWorker.java:125)
	at org.testng.internal.TestMethodWorker.run(TestMethodWorker.java:108)
	at org.testng.TestRunner.privateRun(TestRunner.java:773)
	at org.testng.TestRunner.run(TestRunner.java:623)
	at org.testng.SuiteRunner.runTest(SuiteRunner.java:357)
	at org.testng.SuiteRunner.access$000(SuiteRunner.java:39)
	at org.testng.SuiteRunner$SuiteWorker.run(SuiteRunner.java:391)
	at org.testng.internal.thread.ThreadUtil$2.call(ThreadUtil.java:64)
	at java.util.concurrent.FutureTask.run(Unknown Source)
	at java.util.concurrent.ThreadPoolExecutor.runWorker(Unknown Source)
	at java.util.concurrent.ThreadPoolExecutor$Worker.run(Unknown Source)
	at java.lang.Thread.run(Unknown Source)
</pre></div></td>
<td>0</td>
<td>com.rediff.testcases.LoginTest@37f1104d</td></tr>
<tr>
<td title='com.rediff.testcases.ShoppingPageTest.TearDown()'><b>TearDown</b><br>Test class: com.rediff.testcases.ShoppingPageTest<br>Parameters: [TestResult name=clickOnMenLifeStyleTest status=SKIP method=ShoppingPageTest.clickOnMenLifeStyleTest()[pri:0, instance:com.rediff.testcases.ShoppingPageTest@60015ef5] output={null}], public void com.rediff.testcases.ShoppingPageTest.clickOnMenLifeStyleTest() throws com.framework.exception.SeleniumException</td>
<td><div><pre>java.lang.NullPointerException
	at com.relevantcodes.extentreports.ExtentReports.endTest(ExtentReports.java:150)
	at com.framework.testtemplate.TestBase.TearDown(TestBase.java:176)
	at java.util.concurrent.FutureTask.run(Unknown Source)
	at java.util.concurrent.ThreadPoolExecutor.runWorker(Unknown Source)
	at java.util.concurrent.ThreadPoolExecutor$Worker.run(Unknown Source)
	at java.lang.Thread.run(Unknown Source)
... Removed 17 stack frames</pre></div><a href='#' onClick='toggleBox("stack-trace319003906", this, "Click to show all stack frames", "Click to hide stack frames")'>Click to show all stack frames</a>
<div class='stack-trace' id='stack-trace319003906'><pre>java.lang.NullPointerException
	at com.relevantcodes.extentreports.ExtentReports.endTest(ExtentReports.java:150)
	at com.framework.testtemplate.TestBase.TearDown(TestBase.java:176)
	at sun.reflect.GeneratedMethodAccessor22.invoke(Unknown Source)
	at sun.reflect.DelegatingMethodAccessorImpl.invoke(Unknown Source)
	at java.lang.reflect.Method.invoke(Unknown Source)
	at org.testng.internal.MethodInvocationHelper.invokeMethod(MethodInvocationHelper.java:85)
	at org.testng.internal.Invoker.invokeConfigurationMethod(Invoker.java:510)
	at org.testng.internal.Invoker.invokeConfigurations(Invoker.java:211)
	at org.testng.internal.Invoker.invokeMethod(Invoker.java:708)
	at org.testng.internal.Invoker.invokeTestMethod(Invoker.java:821)
	at org.testng.internal.Invoker.invokeTestMethods(Invoker.java:1131)
	at org.testng.internal.TestMethodWorker.invokeTestMethods(TestMethodWorker.java:125)
	at org.testng.internal.TestMethodWorker.run(TestMethodWorker.java:108)
	at org.testng.TestRunner.privateRun(TestRunner.java:773)
	at org.testng.TestRunner.run(TestRunner.java:623)
	at org.testng.SuiteRunner.runTest(SuiteRunner.java:357)
	at org.testng.SuiteRunner.access$000(SuiteRunner.java:39)
	at org.testng.SuiteRunner$SuiteWorker.run(SuiteRunner.java:391)
	at org.testng.internal.thread.ThreadUtil$2.call(ThreadUtil.java:64)
	at java.util.concurrent.FutureTask.run(Unknown Source)
	at java.util.concurrent.ThreadPoolExecutor.runWorker(Unknown Source)
	at java.util.concurrent.ThreadPoolExecutor$Worker.run(Unknown Source)
	at java.lang.Thread.run(Unknown Source)
</pre></div></td>
<td>0</td>
<td>com.rediff.testcases.ShoppingPageTest@60015ef5</td></tr>
</table><p>
<table width='100%' border='1' class='invocation-skipped'>
<tr><td colspan='4' align='center'><b>SKIPPED CONFIGURATIONS</b></td></tr>
<tr><td><b>Test method</b></td>
<td width="30%"><b>Exception</b></td>
<td width="10%"><b>Time (seconds)</b></td>
<td><b>Instance</b></td>
</tr>
<tr>
<td title='com.rediff.testcases.LoginTest.LoginTestSetUp()'><b>LoginTestSetUp</b><br>Test class: com.rediff.testcases.LoginTest</td>
<td></td>
<td>0</td>
<td>com.rediff.testcases.LoginTest@37f1104d</td></tr>
<tr>
<td title='com.rediff.testcases.LoginTest.beforeMethod()'><b>beforeMethod</b><br>Test class: com.rediff.testcases.LoginTest</td>
<td></td>
<td>0</td>
<td>com.rediff.testcases.LoginTest@37f1104d</td></tr>
<tr>
<td title='com.rediff.testcases.LoginTest.LoginTestSetUp()'><b>LoginTestSetUp</b><br>Test class: com.rediff.testcases.LoginTest</td>
<td></td>
<td>0</td>
<td>com.rediff.testcases.LoginTest@37f1104d</td></tr>
<tr>
<td title='com.rediff.testcases.LoginTest.beforeMethod()'><b>beforeMethod</b><br>Test class: com.rediff.testcases.LoginTest</td>
<td></td>
<td>0</td>
<td>com.rediff.testcases.LoginTest@37f1104d</td></tr>
<tr>
<td title='com.rediff.testcases.LoginTest.LoginTestSetUp()'><b>LoginTestSetUp</b><br>Test class: com.rediff.testcases.LoginTest</td>
<td></td>
<td>0</td>
<td>com.rediff.testcases.LoginTest@37f1104d</td></tr>
<tr>
<td title='com.rediff.testcases.LoginTest.beforeMethod()'><b>beforeMethod</b><br>Test class: com.rediff.testcases.LoginTest</td>
<td></td>
<td>0</td>
<td>com.rediff.testcases.LoginTest@37f1104d</td></tr>
<tr>
<td title='com.rediff.testcases.LoginTest.LoginTestSetUp()'><b>LoginTestSetUp</b><br>Test class: com.rediff.testcases.LoginTest</td>
<td></td>
<td>0</td>
<td>com.rediff.testcases.LoginTest@37f1104d</td></tr>
<tr>
<td title='com.rediff.testcases.LoginTest.beforeMethod()'><b>beforeMethod</b><br>Test class: com.rediff.testcases.LoginTest</td>
<td></td>
<td>0</td>
<td>com.rediff.testcases.LoginTest@37f1104d</td></tr>
<tr>
<td title='com.rediff.testcases.LoginTest.LoginTestSetUp()'><b>LoginTestSetUp</b><br>Test class: com.rediff.testcases.LoginTest</td>
<td></td>
<td>0</td>
<td>com.rediff.testcases.LoginTest@37f1104d</td></tr>
<tr>
<td title='com.rediff.testcases.LoginTest.beforeMethod()'><b>beforeMethod</b><br>Test class: com.rediff.testcases.LoginTest</td>
<td></td>
<td>0</td>
<td>com.rediff.testcases.LoginTest@37f1104d</td></tr>
<tr>
<td title='com.rediff.testcases.LoginTest.LoginTestSetUp()'><b>LoginTestSetUp</b><br>Test class: com.rediff.testcases.LoginTest</td>
<td></td>
<td>0</td>
<td>com.rediff.testcases.LoginTest@37f1104d</td></tr>
<tr>
<td title='com.rediff.testcases.LoginTest.beforeMethod()'><b>beforeMethod</b><br>Test class: com.rediff.testcases.LoginTest</td>
<td></td>
<td>0</td>
<td>com.rediff.testcases.LoginTest@37f1104d</td></tr>
<tr>
<td title='com.rediff.testcases.LoginTest.LoginTestSetUp()'><b>LoginTestSetUp</b><br>Test class: com.rediff.testcases.LoginTest</td>
<td></td>
<td>0</td>
<td>com.rediff.testcases.LoginTest@37f1104d</td></tr>
<tr>
<td title='com.rediff.testcases.LoginTest.beforeMethod()'><b>beforeMethod</b><br>Test class: com.rediff.testcases.LoginTest</td>
<td></td>
<td>0</td>
<td>com.rediff.testcases.LoginTest@37f1104d</td></tr>
<tr>
<td title='com.rediff.testcases.LoginTest.LoginTestSetUp()'><b>LoginTestSetUp</b><br>Test class: com.rediff.testcases.LoginTest</td>
<td></td>
<td>0</td>
<td>com.rediff.testcases.LoginTest@37f1104d</td></tr>
<tr>
<td title='com.rediff.testcases.ShoppingPageTest.beforeMethod()'><b>beforeMethod</b><br>Test class: com.rediff.testcases.ShoppingPageTest</td>
<td></td>
<td>0</td>
<td>com.rediff.testcases.ShoppingPageTest@60015ef5</td></tr>
<tr>
<td title='com.rediff.testcases.ShoppingPageTest.LoginTestSetUp()'><b>LoginTestSetUp</b><br>Test class: com.rediff.testcases.ShoppingPageTest</td>
<td></td>
<td>0</td>
<td>com.rediff.testcases.ShoppingPageTest@60015ef5</td></tr>
</table><p>
<table width='100%' border='1' class='invocation-failed'>
<tr><td colspan='4' align='center'><b>FAILED TESTS</b></td></tr>
<tr><td><b>Test method</b></td>
<td width="30%"><b>Exception</b></td>
<td width="10%"><b>Time (seconds)</b></td>
<td><b>Instance</b></td>
</tr>
<tr>
<td title='com.rediff.testcases.HomePageTest.TestBrokenLink()'><b>TestBrokenLink</b><br>Test class: com.rediff.testcases.HomePageTest<br/>
<a href="#Output-1336568277" onClick='toggleBox("Output-1336568277", this, "Show output", "Hide output");'>Show output</a>

<a href="#Output-1336568277" onClick="toggleAllBoxes();">Show all outputs</a>
<div class='log' id="Output-1336568277">
isLinkBroken : https://mail.rediff.com/cgi-bin/login.cgi  works fine<br/>
isLinkBroken : http://register.rediff.com/register/register.php?FormName=user_details  is invalid<br/>
isLinkBroken : https://mail.rediff.com/cgi-bin/login.cgi  works fine<br/>
isLinkBroken : http://businessemail.rediff.com/?sc_cid=inhome  works fine<br/>
isLinkBroken : http://money.rediff.com/  works fine<br/>
</div>
</td>
<td><div><pre>javax.net.ssl.SSLHandshakeException: sun.security.validator.ValidatorException: PKIX path building failed: sun.security.provider.certpath.SunCertPathBuilderException: unable to find valid certification path to requested target
	at sun.security.ssl.Alerts.getSSLException(Unknown Source)
	at sun.security.ssl.SSLSocketImpl.fatal(Unknown Source)
	at sun.security.ssl.Handshaker.fatalSE(Unknown Source)
	at sun.security.ssl.Handshaker.fatalSE(Unknown Source)
	at sun.security.ssl.ClientHandshaker.serverCertificate(Unknown Source)
	at sun.security.ssl.ClientHandshaker.processMessage(Unknown Source)
	at sun.security.ssl.Handshaker.processLoop(Unknown Source)
	at sun.security.ssl.Handshaker.process_record(Unknown Source)
	at sun.security.ssl.SSLSocketImpl.readRecord(Unknown Source)
	at sun.security.ssl.SSLSocketImpl.performInitialHandshake(Unknown Source)
	at sun.security.ssl.SSLSocketImpl.startHandshake(Unknown Source)
	at sun.security.ssl.SSLSocketImpl.startHandshake(Unknown Source)
	at sun.net.www.protocol.https.HttpsClient.afterConnect(Unknown Source)
	at sun.net.www.protocol.https.AbstractDelegateHttpsURLConnection.setNewClient(Unknown Source)
	at sun.net.www.protocol.https.AbstractDelegateHttpsURLConnection.setNewClient(Unknown Source)
	at sun.net.www.protocol.http.HttpURLConnection.writeRequests(Unknown Source)
	at sun.net.www.protocol.http.HttpURLConnection.getInputStream0(Unknown Source)
	at sun.net.www.protocol.http.HttpURLConnection.getInputStream(Unknown Source)
	at java.net.HttpURLConnection.getResponseCode(Unknown Source)
	at java.net.HttpURLConnection.getResponseMessage(Unknown Source)
	at sun.net.www.protocol.https.HttpsURLConnectionImpl.getResponseMessage(Unknown Source)
	at com.framework.actions.WebAction.getResponseCode(WebAction.java:423)
	at com.framework.actions.WebAction.isLinkBroken(WebAction.java:467)
	at com.rediff.pages.HomePage.verifyAllLinkOnHomePage(HomePage.java:81)
	at com.rediff.testcases.HomePageTest.TestBrokenLink(HomePageTest.java:40)
	at java.util.concurrent.FutureTask.run(Unknown Source)
	at java.util.concurrent.ThreadPoolExecutor.runWorker(Unknown Source)
	at java.util.concurrent.ThreadPoolExecutor$Worker.run(Unknown Source)
	at java.lang.Thread.run(Unknown Source)
Caused by: sun.security.validator.ValidatorException: PKIX path building failed: sun.security.provider.certpath.SunCertPathBuilderException: unable to find valid certification path to requested target
	at sun.security.validator.PKIXValidator.doBuild(Unknown Source)
	at sun.security.validator.PKIXValidator.engineValidate(Unknown Source)
	at sun.security.validator.Validator.validate(Unknown Source)
	at sun.security.ssl.X509TrustManagerImpl.validate(Unknown Source)
	at sun.security.ssl.X509TrustManagerImpl.checkTrusted(Unknown Source)
	at sun.security.ssl.X509TrustManagerImpl.checkServerTrusted(Unknown Source)
	... 41 more
Caused by: sun.security.provider.certpath.SunCertPathBuilderException: unable to find valid certification path to requested target
	at sun.security.provider.certpath.SunCertPathBuilder.build(Unknown Source)
	at sun.security.provider.certpath.SunCertPathBuilder.engineBuild(Unknown Source)
	at java.security.cert.CertPathBuilder.build(Unknown Source)
	... 47 more
... Removed 16 stack frames</pre></div><a href='#' onClick='toggleBox("stack-trace1336568277", this, "Click to show all stack frames", "Click to hide stack frames")'>Click to show all stack frames</a>
<div class='stack-trace' id='stack-trace1336568277'><pre>javax.net.ssl.SSLHandshakeException: sun.security.validator.ValidatorException: PKIX path building failed: sun.security.provider.certpath.SunCertPathBuilderException: unable to find valid certification path to requested target
	at sun.security.ssl.Alerts.getSSLException(Unknown Source)
	at sun.security.ssl.SSLSocketImpl.fatal(Unknown Source)
	at sun.security.ssl.Handshaker.fatalSE(Unknown Source)
	at sun.security.ssl.Handshaker.fatalSE(Unknown Source)
	at sun.security.ssl.ClientHandshaker.serverCertificate(Unknown Source)
	at sun.security.ssl.ClientHandshaker.processMessage(Unknown Source)
	at sun.security.ssl.Handshaker.processLoop(Unknown Source)
	at sun.security.ssl.Handshaker.process_record(Unknown Source)
	at sun.security.ssl.SSLSocketImpl.readRecord(Unknown Source)
	at sun.security.ssl.SSLSocketImpl.performInitialHandshake(Unknown Source)
	at sun.security.ssl.SSLSocketImpl.startHandshake(Unknown Source)
	at sun.security.ssl.SSLSocketImpl.startHandshake(Unknown Source)
	at sun.net.www.protocol.https.HttpsClient.afterConnect(Unknown Source)
	at sun.net.www.protocol.https.AbstractDelegateHttpsURLConnection.setNewClient(Unknown Source)
	at sun.net.www.protocol.https.AbstractDelegateHttpsURLConnection.setNewClient(Unknown Source)
	at sun.net.www.protocol.http.HttpURLConnection.writeRequests(Unknown Source)
	at sun.net.www.protocol.http.HttpURLConnection.getInputStream0(Unknown Source)
	at sun.net.www.protocol.http.HttpURLConnection.getInputStream(Unknown Source)
	at java.net.HttpURLConnection.getResponseCode(Unknown Source)
	at java.net.HttpURLConnection.getResponseMessage(Unknown Source)
	at sun.net.www.protocol.https.HttpsURLConnectionImpl.getResponseMessage(Unknown Source)
	at com.framework.actions.WebAction.getResponseCode(WebAction.java:423)
	at com.framework.actions.WebAction.isLinkBroken(WebAction.java:467)
	at com.rediff.pages.HomePage.verifyAllLinkOnHomePage(HomePage.java:81)
	at com.rediff.testcases.HomePageTest.TestBrokenLink(HomePageTest.java:40)
	at sun.reflect.NativeMethodAccessorImpl.invoke0(Native Method)
	at sun.reflect.NativeMethodAccessorImpl.invoke(Unknown Source)
	at sun.reflect.DelegatingMethodAccessorImpl.invoke(Unknown Source)
	at java.lang.reflect.Method.invoke(Unknown Source)
	at org.testng.internal.MethodInvocationHelper.invokeMethod(MethodInvocationHelper.java:85)
	at org.testng.internal.Invoker.invokeMethod(Invoker.java:639)
	at org.testng.internal.Invoker.invokeTestMethod(Invoker.java:821)
	at org.testng.internal.Invoker.invokeTestMethods(Invoker.java:1131)
	at org.testng.internal.TestMethodWorker.invokeTestMethods(TestMethodWorker.java:125)
	at org.testng.internal.TestMethodWorker.run(TestMethodWorker.java:108)
	at org.testng.TestRunner.privateRun(TestRunner.java:773)
	at org.testng.TestRunner.run(TestRunner.java:623)
	at org.testng.SuiteRunner.runTest(SuiteRunner.java:357)
	at org.testng.SuiteRunner.access$000(SuiteRunner.java:39)
	at org.testng.SuiteRunner$SuiteWorker.run(SuiteRunner.java:391)
	at org.testng.internal.thread.ThreadUtil$2.call(ThreadUtil.java:64)
	at java.util.concurrent.FutureTask.run(Unknown Source)
	at java.util.concurrent.ThreadPoolExecutor.runWorker(Unknown Source)
	at java.util.concurrent.ThreadPoolExecutor$Worker.run(Unknown Source)
	at java.lang.Thread.run(Unknown Source)
Caused by: sun.security.validator.ValidatorException: PKIX path building failed: sun.security.provider.certpath.SunCertPathBuilderException: unable to find valid certification path to requested target
	at sun.security.validator.PKIXValidator.doBuild(Unknown Source)
	at sun.security.validator.PKIXValidator.engineValidate(Unknown Source)
	at sun.security.validator.Validator.validate(Unknown Source)
	at sun.security.ssl.X509TrustManagerImpl.validate(Unknown Source)
	at sun.security.ssl.X509TrustManagerImpl.checkTrusted(Unknown Source)
	at sun.security.ssl.X509TrustManagerImpl.checkServerTrusted(Unknown Source)
	... 41 more
Caused by: sun.security.provider.certpath.SunCertPathBuilderException: unable to find valid certification path to requested target
	at sun.security.provider.certpath.SunCertPathBuilder.build(Unknown Source)
	at sun.security.provider.certpath.SunCertPathBuilder.engineBuild(Unknown Source)
	at java.security.cert.CertPathBuilder.build(Unknown Source)
	... 47 more
</pre></div></td>
<td>1</td>
<td>com.rediff.testcases.HomePageTest@7748410a</td></tr>
</table><p>
<table width='100%' border='1' class='invocation-passed'>
<tr><td colspan='4' align='center'><b>PASSED TESTS</b></td></tr>
<tr><td><b>Test method</b></td>
<td width="30%"><b>Exception</b></td>
<td width="10%"><b>Time (seconds)</b></td>
<td><b>Instance</b></td>
</tr>
<tr>
<td title='com.rediff.testcases.HomePageTest.searchText()'><b>searchText</b><br>Test class: com.rediff.testcases.HomePageTest<br>Parameters: {search=Mobile}</td>
<td></td>
<td>0</td>
<td>com.rediff.testcases.HomePageTest@7748410a</td></tr>
<tr>
<td title='com.rediff.testcases.HomePageTest.verifyUIElementsOnHomePage()'><b>verifyUIElementsOnHomePage</b><br>Test class: com.rediff.testcases.HomePageTest</td>
<td></td>
<td>0</td>
<td>com.rediff.testcases.HomePageTest@7748410a</td></tr>
</table><p>
<table width='100%' border='1' class='invocation-skipped'>
<tr><td colspan='4' align='center'><b>SKIPPED TESTS</b></td></tr>
<tr><td><b>Test method</b></td>
<td width="30%"><b>Exception</b></td>
<td width="10%"><b>Time (seconds)</b></td>
<td><b>Instance</b></td>
</tr>
<tr>
<td title='com.rediff.testcases.ShoppingPageTest.clickOnMenLifeStyleTest()'><b>clickOnMenLifeStyleTest</b><br>Test class: com.rediff.testcases.ShoppingPageTest</td>
<td></td>
<td>0</td>
<td>com.rediff.testcases.ShoppingPageTest@60015ef5</td></tr>
<tr>
<td title='com.rediff.testcases.LoginTest.invalidLoginTest()'><b>invalidLoginTest</b><br>Test class: com.rediff.testcases.LoginTest<br>Parameters: {Username=abcd1, Password=aaaaaaaaaa}</td>
<td></td>
<td>0</td>
<td>com.rediff.testcases.LoginTest@37f1104d</td></tr>
<tr>
<td title='com.rediff.testcases.LoginTest.invalidLoginTest()'><b>invalidLoginTest</b><br>Test class: com.rediff.testcases.LoginTest<br>Parameters: {Username=abcd2, Password=}</td>
<td></td>
<td>0</td>
<td>com.rediff.testcases.LoginTest@37f1104d</td></tr>
<tr>
<td title='com.rediff.testcases.LoginTest.invalidLoginTest()'><b>invalidLoginTest</b><br>Test class: com.rediff.testcases.LoginTest<br>Parameters: {Username=abcd3, Password=abc1234}</td>
<td></td>
<td>0</td>
<td>com.rediff.testcases.LoginTest@37f1104d</td></tr>
<tr>
<td title='com.rediff.testcases.LoginTest.invalidLoginTest()'><b>invalidLoginTest</b><br>Test class: com.rediff.testcases.LoginTest<br>Parameters: {Username=abcd4, Password=}</td>
<td></td>
<td>0</td>
<td>com.rediff.testcases.LoginTest@37f1104d</td></tr>
<tr>
<td title='com.rediff.testcases.LoginTest.invalidLoginTest()'><b>invalidLoginTest</b><br>Test class: com.rediff.testcases.LoginTest<br>Parameters: {Username=abcd5, Password=abc1234}</td>
<td></td>
<td>0</td>
<td>com.rediff.testcases.LoginTest@37f1104d</td></tr>
<tr>
<td title='com.rediff.testcases.LoginTest.invalidLoginTest()'><b>invalidLoginTest</b><br>Test class: com.rediff.testcases.LoginTest<br>Parameters: {Username=abcd6, Password=aaaaaaaaaa}</td>
<td></td>
<td>0</td>
<td>com.rediff.testcases.LoginTest@37f1104d</td></tr>
<tr>
<td title='com.rediff.testcases.LoginTest.invalidLoginTest()'><b>invalidLoginTest</b><br>Test class: com.rediff.testcases.LoginTest<br>Parameters: {Username=abcd7, Password=.}</td>
<td></td>
<td>0</td>
<td>com.rediff.testcases.LoginTest@37f1104d</td></tr>
<tr>
<td title='com.rediff.testcases.LoginTest.sucessfullLoginTest()'><b>sucessfullLoginTest</b><br>Test class: com.rediff.testcases.LoginTest<br>Parameters: {Username=buddhatree, Password=affirm123}</td>
<td></td>
<td>0</td>
<td>com.rediff.testcases.LoginTest@37f1104d</td></tr>
</table><p>
</body>
</html>