<html>
<head>
<title>TestNG:  Rediff WebSite Testing</title>
<link href="../testng.css" rel="stylesheet" type="text/css" />
<link href="../my-testng.css" rel="stylesheet" type="text/css" />

<style type="text/css">
.log { display: none;} 
.stack-trace { display: none;} 
</style>
<script type="text/javascript">
<!--
function flip(e) {
  current = e.style.display;
  if (current == 'block') {
    e.style.display = 'none';
    return 0;
  }
  else {
    e.style.display = 'block';
    return 1;
  }
}

function toggleBox(szDivId, elem, msg1, msg2)
{
  var res = -1;  if (document.getElementById) {
    res = flip(document.getElementById(szDivId));
  }
  else if (document.all) {
    // this is the way old msie versions work
    res = flip(document.all[szDivId]);
  }
  if(elem) {
    if(res == 0) elem.innerHTML = msg1; else elem.innerHTML = msg2;
  }

}

function toggleAllBoxes() {
  if (document.getElementsByTagName) {
    d = document.getElementsByTagName('div');
    for (i = 0; i < d.length; i++) {
      if (d[i].className == 'log') {
        flip(d[i]);
      }
    }
  }
}

// -->
</script>

</head>
<body>
<h2 align='center'>Rediff WebSite Testing</h2><table border='1' align="center">
<tr>
<td>Tests passed/Failed/Skipped:</td><td>10/2/0</td>
</tr><tr>
<td>Started on:</td><td>Sun Sep 06 04:49:49 PDT 2015</td>
</tr>
<tr><td>Total time:</td><td>480 seconds (480016 ms)</td>
</tr><tr>
<td>Included groups:</td><td></td>
</tr><tr>
<td>Excluded groups:</td><td></td>
</tr>
</table><p/>
<small><i>(Hover the method name to see the test class name)</i></small><p/>
<table width='100%' border='1' class='invocation-failed'>
<tr><td colspan='4' align='center'><b>FAILED TESTS</b></td></tr>
<tr><td><b>Test method</b></td>
<td width="30%"><b>Exception</b></td>
<td width="10%"><b>Time (seconds)</b></td>
<td><b>Instance</b></td>
</tr>
<tr>
<td title='com.rediff.testcases.HomePageTest.TestBrokenLink()'><b>TestBrokenLink</b><br>Test class: com.rediff.testcases.HomePageTest<br/>
<a href="#Output-1190526176" onClick='toggleBox("Output-1190526176", this, "Show output", "Hide output");'>Show output</a>

<a href="#Output-1190526176" onClick="toggleAllBoxes();">Show all outputs</a>
<div class='log' id="Output-1190526176">
isLinkBroken : http://www.rediff.com/  works fine<br/>
isLinkBroken : https://mail.rediff.com/cgi-bin/login.cgi  works fine<br/>
</div>
</td>
<td><div><pre>org.openqa.selenium.StaleElementReferenceException: Element not found in the cache - perhaps the page has changed since it was looked up
For documentation on this error, please visit: http://seleniumhq.org/exceptions/stale_element_reference.html
Build info: version: &apos;2.47.1&apos;, revision: &apos;411b314&apos;, time: &apos;2015-07-30 03:03:16&apos;
System info: host: &apos;Shankar-PC&apos;, ip: &apos;192.168.1.2&apos;, os.name: &apos;Windows 7&apos;, os.arch: &apos;amd64&apos;, os.version: &apos;6.1&apos;, java.version: &apos;1.8.0_60&apos;
Driver info: driver.version: unknown
Command duration or timeout: 32.16 seconds
For documentation on this error, please visit: http://seleniumhq.org/exceptions/stale_element_reference.html
Build info: version: &apos;2.47.1&apos;, revision: &apos;unknown&apos;, time: &apos;2015-07-30 11:02:44&apos;
System info: host: &apos;Shankar-PC&apos;, ip: &apos;192.168.1.2&apos;, os.name: &apos;Windows 7&apos;, os.arch: &apos;amd64&apos;, os.version: &apos;6.1&apos;, java.version: &apos;1.8.0_60&apos;
Driver info: org.openqa.selenium.remote.RemoteWebDriver
Capabilities [{applicationCacheEnabled=true, rotatable=false, handlesAlerts=true, databaseEnabled=true, version=39.0.3, platform=WINDOWS, nativeEvents=false, acceptSslCerts=true, webdriver.remote.sessionid=d0f1c910-4edf-4962-b61c-2b2c23e3e730, webStorageEnabled=true, locationContextEnabled=true, browserName=firefox, takesScreenshot=true, javascriptEnabled=true, cssSelectorsEnabled=true}]
Session ID: d0f1c910-4edf-4962-b61c-2b2c23e3e730
	at sun.reflect.NativeConstructorAccessorImpl.newInstance0(Native Method)
	at sun.reflect.NativeConstructorAccessorImpl.newInstance(Unknown Source)
	at sun.reflect.DelegatingConstructorAccessorImpl.newInstance(Unknown Source)
	at java.lang.reflect.Constructor.newInstance(Unknown Source)
	at org.openqa.selenium.remote.ErrorHandler.createThrowable(ErrorHandler.java:206)
	at org.openqa.selenium.remote.ErrorHandler.throwIfResponseFailed(ErrorHandler.java:158)
	at org.openqa.selenium.remote.RemoteWebDriver.execute(RemoteWebDriver.java:595)
	at org.openqa.selenium.remote.RemoteWebElement.execute(RemoteWebElement.java:273)
	at org.openqa.selenium.remote.RemoteWebElement.getAttribute(RemoteWebElement.java:127)
	at com.framework.actions.WebAction.isLinkBroken(WebAction.java:465)
	at com.rediff.pages.HomePage.verifyAllLinkOnHomePage(HomePage.java:81)
	at com.rediff.testcases.HomePageTest.TestBrokenLink(HomePageTest.java:40)
	at sun.reflect.NativeMethodAccessorImpl.invoke0(Native Method)
	at sun.reflect.NativeMethodAccessorImpl.invoke(Unknown Source)
	at sun.reflect.DelegatingMethodAccessorImpl.invoke(Unknown Source)
	at java.lang.reflect.Method.invoke(Unknown Source)
	at org.testng.internal.MethodInvocationHelper.invokeMethod(MethodInvocationHelper.java:85)
	at org.testng.internal.Invoker.invokeMethod(Invoker.java:639)
	at org.testng.internal.Invoker.invokeTestMethod(Invoker.java:821)
	at org.testng.internal.Invoker.invokeTestMethods(Invoker.java:1131)
	at org.testng.internal.TestMethodWorker.invokeTestMethods(TestMethodWorker.java:125)
	at org.testng.internal.TestMethodWorker.run(TestMethodWorker.java:108)
	at java.util.concurrent.ThreadPoolExecutor.runWorker(Unknown Source)
	at java.util.concurrent.ThreadPoolExecutor$Worker.run(Unknown Source)
	at java.lang.Thread.run(Unknown Source)
Caused by: org.openqa.selenium.remote.ScreenshotException: Screen shot has been taken
Build info: version: &apos;2.47.1&apos;, revision: &apos;unknown&apos;, time: &apos;2015-07-30 11:02:44&apos;
System info: host: &apos;Shankar-PC&apos;, ip: &apos;192.168.1.2&apos;, os.name: &apos;Windows 7&apos;, os.arch: &apos;amd64&apos;, os.version: &apos;6.1&apos;, java.version: &apos;1.8.0_60&apos;
Driver info: driver.version: RemoteWebDriver
	at org.openqa.selenium.remote.ErrorHandler.throwIfResponseFailed(ErrorHandler.java:138)
	... 19 more
Caused by: org.openqa.selenium.StaleElementReferenceException: Element not found in the cache - perhaps the page has changed since it was looked up
For documentation on this error, please visit: http://seleniumhq.org/exceptions/stale_element_reference.html
Build info: version: &apos;2.47.1&apos;, revision: &apos;411b314&apos;, time: &apos;2015-07-30 03:03:16&apos;
System info: host: &apos;Shankar-PC&apos;, ip: &apos;192.168.1.2&apos;, os.name: &apos;Windows 7&apos;, os.arch: &apos;amd64&apos;, os.version: &apos;6.1&apos;, java.version: &apos;1.8.0_60&apos;
Driver info: driver.version: unknown
For documentation on this error, please visit: http://seleniumhq.org/exceptions/stale_element_reference.html
Build info: version: &apos;2.47.1&apos;, revision: &apos;unknown&apos;, time: &apos;2015-07-30 11:02:44&apos;
System info: host: &apos;Shankar-PC&apos;, ip: &apos;192.168.1.2&apos;, os.name: &apos;Windows 7&apos;, os.arch: &apos;amd64&apos;, os.version: &apos;6.1&apos;, java.version: &apos;1.8.0_60&apos;
Driver info: driver.version: unknown
	at &lt;anonymous class&gt;.fxdriver.cache.getElementAt(resource://fxdriver/modules/web-element-cache.js:9348)
	at &lt;anonymous class&gt;.Utils.getElementAt(file:///C:/Users/Shankar/AppData/Local/Temp/anonymous8129449790505621866webdriver-profile/extensions/fxdriver@googlecode.com/components/command-processor.js:8942)
	at &lt;anonymous class&gt;.WebElement.getElementAttribute(file:///C:/Users/Shankar/AppData/Local/Temp/anonymous8129449790505621866webdriver-profile/extensions/fxdriver@googlecode.com/components/command-processor.js:12125)
	at &lt;anonymous class&gt;.DelayedCommand.prototype.executeInternal_/h(file:///C:/Users/Shankar/AppData/Local/Temp/anonymous8129449790505621866webdriver-profile/extensions/fxdriver@googlecode.com/components/command-processor.js:12643)
	at &lt;anonymous class&gt;.fxdriver.Timer.prototype.setTimeout/&lt;.notify(file:///C:/Users/Shankar/AppData/Local/Temp/anonymous8129449790505621866webdriver-profile/extensions/fxdriver@googlecode.com/components/command-processor.js:623)
</pre></div><a href='#' onClick='toggleBox("stack-trace1190526176", this, "Click to show all stack frames", "Click to hide stack frames")'>Click to show all stack frames</a>
<div class='stack-trace' id='stack-trace1190526176'><pre>org.openqa.selenium.StaleElementReferenceException: Element not found in the cache - perhaps the page has changed since it was looked up
For documentation on this error, please visit: http://seleniumhq.org/exceptions/stale_element_reference.html
Build info: version: &apos;2.47.1&apos;, revision: &apos;411b314&apos;, time: &apos;2015-07-30 03:03:16&apos;
System info: host: &apos;Shankar-PC&apos;, ip: &apos;192.168.1.2&apos;, os.name: &apos;Windows 7&apos;, os.arch: &apos;amd64&apos;, os.version: &apos;6.1&apos;, java.version: &apos;1.8.0_60&apos;
Driver info: driver.version: unknown
Command duration or timeout: 32.16 seconds
For documentation on this error, please visit: http://seleniumhq.org/exceptions/stale_element_reference.html
Build info: version: &apos;2.47.1&apos;, revision: &apos;unknown&apos;, time: &apos;2015-07-30 11:02:44&apos;
System info: host: &apos;Shankar-PC&apos;, ip: &apos;192.168.1.2&apos;, os.name: &apos;Windows 7&apos;, os.arch: &apos;amd64&apos;, os.version: &apos;6.1&apos;, java.version: &apos;1.8.0_60&apos;
Driver info: org.openqa.selenium.remote.RemoteWebDriver
Capabilities [{applicationCacheEnabled=true, rotatable=false, handlesAlerts=true, databaseEnabled=true, version=39.0.3, platform=WINDOWS, nativeEvents=false, acceptSslCerts=true, webdriver.remote.sessionid=d0f1c910-4edf-4962-b61c-2b2c23e3e730, webStorageEnabled=true, locationContextEnabled=true, browserName=firefox, takesScreenshot=true, javascriptEnabled=true, cssSelectorsEnabled=true}]
Session ID: d0f1c910-4edf-4962-b61c-2b2c23e3e730
	at sun.reflect.NativeConstructorAccessorImpl.newInstance0(Native Method)
	at sun.reflect.NativeConstructorAccessorImpl.newInstance(Unknown Source)
	at sun.reflect.DelegatingConstructorAccessorImpl.newInstance(Unknown Source)
	at java.lang.reflect.Constructor.newInstance(Unknown Source)
	at org.openqa.selenium.remote.ErrorHandler.createThrowable(ErrorHandler.java:206)
	at org.openqa.selenium.remote.ErrorHandler.throwIfResponseFailed(ErrorHandler.java:158)
	at org.openqa.selenium.remote.RemoteWebDriver.execute(RemoteWebDriver.java:595)
	at org.openqa.selenium.remote.RemoteWebElement.execute(RemoteWebElement.java:273)
	at org.openqa.selenium.remote.RemoteWebElement.getAttribute(RemoteWebElement.java:127)
	at com.framework.actions.WebAction.isLinkBroken(WebAction.java:465)
	at com.rediff.pages.HomePage.verifyAllLinkOnHomePage(HomePage.java:81)
	at com.rediff.testcases.HomePageTest.TestBrokenLink(HomePageTest.java:40)
	at sun.reflect.NativeMethodAccessorImpl.invoke0(Native Method)
	at sun.reflect.NativeMethodAccessorImpl.invoke(Unknown Source)
	at sun.reflect.DelegatingMethodAccessorImpl.invoke(Unknown Source)
	at java.lang.reflect.Method.invoke(Unknown Source)
	at org.testng.internal.MethodInvocationHelper.invokeMethod(MethodInvocationHelper.java:85)
	at org.testng.internal.Invoker.invokeMethod(Invoker.java:639)
	at org.testng.internal.Invoker.invokeTestMethod(Invoker.java:821)
	at org.testng.internal.Invoker.invokeTestMethods(Invoker.java:1131)
	at org.testng.internal.TestMethodWorker.invokeTestMethods(TestMethodWorker.java:125)
	at org.testng.internal.TestMethodWorker.run(TestMethodWorker.java:108)
	at java.util.concurrent.ThreadPoolExecutor.runWorker(Unknown Source)
	at java.util.concurrent.ThreadPoolExecutor$Worker.run(Unknown Source)
	at java.lang.Thread.run(Unknown Source)
Caused by: org.openqa.selenium.remote.ScreenshotException: Screen shot has been taken
Build info: version: &apos;2.47.1&apos;, revision: &apos;unknown&apos;, time: &apos;2015-07-30 11:02:44&apos;
System info: host: &apos;Shankar-PC&apos;, ip: &apos;192.168.1.2&apos;, os.name: &apos;Windows 7&apos;, os.arch: &apos;amd64&apos;, os.version: &apos;6.1&apos;, java.version: &apos;1.8.0_60&apos;
Driver info: driver.version: RemoteWebDriver
	at org.openqa.selenium.remote.ErrorHandler.throwIfResponseFailed(ErrorHandler.java:138)
	... 19 more
Caused by: org.openqa.selenium.StaleElementReferenceException: Element not found in the cache - perhaps the page has changed since it was looked up
For documentation on this error, please visit: http://seleniumhq.org/exceptions/stale_element_reference.html
Build info: version: &apos;2.47.1&apos;, revision: &apos;411b314&apos;, time: &apos;2015-07-30 03:03:16&apos;
System info: host: &apos;Shankar-PC&apos;, ip: &apos;192.168.1.2&apos;, os.name: &apos;Windows 7&apos;, os.arch: &apos;amd64&apos;, os.version: &apos;6.1&apos;, java.version: &apos;1.8.0_60&apos;
Driver info: driver.version: unknown
For documentation on this error, please visit: http://seleniumhq.org/exceptions/stale_element_reference.html
Build info: version: &apos;2.47.1&apos;, revision: &apos;unknown&apos;, time: &apos;2015-07-30 11:02:44&apos;
System info: host: &apos;Shankar-PC&apos;, ip: &apos;192.168.1.2&apos;, os.name: &apos;Windows 7&apos;, os.arch: &apos;amd64&apos;, os.version: &apos;6.1&apos;, java.version: &apos;1.8.0_60&apos;
Driver info: driver.version: unknown
	at &lt;anonymous class&gt;.fxdriver.cache.getElementAt(resource://fxdriver/modules/web-element-cache.js:9348)
	at &lt;anonymous class&gt;.Utils.getElementAt(file:///C:/Users/Shankar/AppData/Local/Temp/anonymous8129449790505621866webdriver-profile/extensions/fxdriver@googlecode.com/components/command-processor.js:8942)
	at &lt;anonymous class&gt;.WebElement.getElementAttribute(file:///C:/Users/Shankar/AppData/Local/Temp/anonymous8129449790505621866webdriver-profile/extensions/fxdriver@googlecode.com/components/command-processor.js:12125)
	at &lt;anonymous class&gt;.DelayedCommand.prototype.executeInternal_/h(file:///C:/Users/Shankar/AppData/Local/Temp/anonymous8129449790505621866webdriver-profile/extensions/fxdriver@googlecode.com/components/command-processor.js:12643)
	at &lt;anonymous class&gt;.fxdriver.Timer.prototype.setTimeout/&lt;.notify(file:///C:/Users/Shankar/AppData/Local/Temp/anonymous8129449790505621866webdriver-profile/extensions/fxdriver@googlecode.com/components/command-processor.js:623)
</pre></div></td>
<td>34</td>
<td>com.rediff.testcases.HomePageTest@1190200a</td></tr>
<tr>
<td title='com.rediff.testcases.ShoppingPageTest.clickOnMenLifeStyleTest()'><b>clickOnMenLifeStyleTest</b><br>Test class: com.rediff.testcases.ShoppingPageTest</td>
<td><div><pre>java.lang.NullPointerException
	at com.rediff.testcases.ShoppingPageTest.clickOnMenLifeStyleTest(ShoppingPageTest.java:44)
	at sun.reflect.NativeMethodAccessorImpl.invoke0(Native Method)
	at sun.reflect.NativeMethodAccessorImpl.invoke(Unknown Source)
	at sun.reflect.DelegatingMethodAccessorImpl.invoke(Unknown Source)
	at java.lang.reflect.Method.invoke(Unknown Source)
	at org.testng.internal.MethodInvocationHelper.invokeMethod(MethodInvocationHelper.java:85)
	at org.testng.internal.Invoker.invokeMethod(Invoker.java:639)
	at org.testng.internal.Invoker.invokeTestMethod(Invoker.java:821)
	at org.testng.internal.Invoker.invokeTestMethods(Invoker.java:1131)
	at org.testng.internal.TestMethodWorker.invokeTestMethods(TestMethodWorker.java:125)
	at org.testng.internal.TestMethodWorker.run(TestMethodWorker.java:108)
	at java.util.concurrent.ThreadPoolExecutor.runWorker(Unknown Source)
	at java.util.concurrent.ThreadPoolExecutor$Worker.run(Unknown Source)
	at java.lang.Thread.run(Unknown Source)
</pre></div><a href='#' onClick='toggleBox("stack-trace859217375", this, "Click to show all stack frames", "Click to hide stack frames")'>Click to show all stack frames</a>
<div class='stack-trace' id='stack-trace859217375'><pre>java.lang.NullPointerException
	at com.rediff.testcases.ShoppingPageTest.clickOnMenLifeStyleTest(ShoppingPageTest.java:44)
	at sun.reflect.NativeMethodAccessorImpl.invoke0(Native Method)
	at sun.reflect.NativeMethodAccessorImpl.invoke(Unknown Source)
	at sun.reflect.DelegatingMethodAccessorImpl.invoke(Unknown Source)
	at java.lang.reflect.Method.invoke(Unknown Source)
	at org.testng.internal.MethodInvocationHelper.invokeMethod(MethodInvocationHelper.java:85)
	at org.testng.internal.Invoker.invokeMethod(Invoker.java:639)
	at org.testng.internal.Invoker.invokeTestMethod(Invoker.java:821)
	at org.testng.internal.Invoker.invokeTestMethods(Invoker.java:1131)
	at org.testng.internal.TestMethodWorker.invokeTestMethods(TestMethodWorker.java:125)
	at org.testng.internal.TestMethodWorker.run(TestMethodWorker.java:108)
	at java.util.concurrent.ThreadPoolExecutor.runWorker(Unknown Source)
	at java.util.concurrent.ThreadPoolExecutor$Worker.run(Unknown Source)
	at java.lang.Thread.run(Unknown Source)
</pre></div></td>
<td>0</td>
<td>com.rediff.testcases.ShoppingPageTest@1757cd72</td></tr>
</table><p>
<table width='100%' border='1' class='invocation-passed'>
<tr><td colspan='4' align='center'><b>PASSED TESTS</b></td></tr>
<tr><td><b>Test method</b></td>
<td width="30%"><b>Exception</b></td>
<td width="10%"><b>Time (seconds)</b></td>
<td><b>Instance</b></td>
</tr>
<tr>
<td title='com.rediff.testcases.LoginTest.invalidLoginTest()'><b>invalidLoginTest</b><br>Test class: com.rediff.testcases.LoginTest<br>Parameters: {Username=abcd1, Password=aaaaaaaaaa}</td>
<td></td>
<td>2</td>
<td>com.rediff.testcases.LoginTest@561b6512</td></tr>
<tr>
<td title='com.rediff.testcases.LoginTest.invalidLoginTest()'><b>invalidLoginTest</b><br>Test class: com.rediff.testcases.LoginTest<br>Parameters: {Username=abcd2, Password=}</td>
<td></td>
<td>1</td>
<td>com.rediff.testcases.LoginTest@561b6512</td></tr>
<tr>
<td title='com.rediff.testcases.LoginTest.invalidLoginTest()'><b>invalidLoginTest</b><br>Test class: com.rediff.testcases.LoginTest<br>Parameters: {Username=abcd3, Password=abc1234}</td>
<td></td>
<td>2</td>
<td>com.rediff.testcases.LoginTest@561b6512</td></tr>
<tr>
<td title='com.rediff.testcases.LoginTest.invalidLoginTest()'><b>invalidLoginTest</b><br>Test class: com.rediff.testcases.LoginTest<br>Parameters: {Username=abcd4, Password=}</td>
<td></td>
<td>1</td>
<td>com.rediff.testcases.LoginTest@561b6512</td></tr>
<tr>
<td title='com.rediff.testcases.LoginTest.invalidLoginTest()'><b>invalidLoginTest</b><br>Test class: com.rediff.testcases.LoginTest<br>Parameters: {Username=abcd5, Password=abc1234}</td>
<td></td>
<td>1</td>
<td>com.rediff.testcases.LoginTest@561b6512</td></tr>
<tr>
<td title='com.rediff.testcases.LoginTest.invalidLoginTest()'><b>invalidLoginTest</b><br>Test class: com.rediff.testcases.LoginTest<br>Parameters: {Username=abcd6, Password=aaaaaaaaaa}</td>
<td></td>
<td>1</td>
<td>com.rediff.testcases.LoginTest@561b6512</td></tr>
<tr>
<td title='com.rediff.testcases.LoginTest.invalidLoginTest()'><b>invalidLoginTest</b><br>Test class: com.rediff.testcases.LoginTest<br>Parameters: {Username=abcd7, Password=.}</td>
<td></td>
<td>2</td>
<td>com.rediff.testcases.LoginTest@561b6512</td></tr>
<tr>
<td title='com.rediff.testcases.HomePageTest.searchText()'><b>searchText</b><br>Test class: com.rediff.testcases.HomePageTest<br>Parameters: {search=Mobile}</td>
<td></td>
<td>1</td>
<td>com.rediff.testcases.HomePageTest@1190200a</td></tr>
<tr>
<td title='com.rediff.testcases.LoginTest.sucessfullLoginTest()'><b>sucessfullLoginTest</b><br>Test class: com.rediff.testcases.LoginTest<br>Parameters: {Username=buddhatree, Password=affirm123}</td>
<td></td>
<td>2</td>
<td>com.rediff.testcases.LoginTest@561b6512</td></tr>
<tr>
<td title='com.rediff.testcases.HomePageTest.verifyUIElementsOnHomePage()'><b>verifyUIElementsOnHomePage</b><br>Test class: com.rediff.testcases.HomePageTest</td>
<td></td>
<td>2</td>
<td>com.rediff.testcases.HomePageTest@1190200a</td></tr>
</table><p>
</body>
</html>