<!DOCTYPE html PUBLIC "-//W3C//DTD XHTML 1.1//EN" "http://www.w3.org/TR/xhtml11/DTD/xhtml11.dtd">
<html xmlns="http://www.w3.org/1999/xhtml"><head><title>TestNG Report</title><style type="text/css">table {margin-bottom:10px;border-collapse:collapse;empty-cells:show}th,td {border:1px solid #009;padding:.25em .5em}th {vertical-align:bottom}td {vertical-align:top}table a {font-weight:bold}.stripe td {background-color: #E6EBF9}.num {text-align:right}.passedodd td {background-color: #3F3}.passedeven td {background-color: #0A0}.skippedodd td {background-color: #DDD}.skippedeven td {background-color: #CCC}.failedodd td,.attn {background-color: #F33}.failedeven td,.stripe .attn {background-color: #D00}.stacktrace {white-space:pre;font-family:monospace}.totop {font-size:85%;text-align:center;border-bottom:2px solid #000}</style></head><body><table><tr><th>Test</th><th># Passed</th><th># Skipped</th><th># Failed</th><th>Time (ms)</th><th>Included Groups</th><th>Excluded Groups</th></tr><tr><th colspan="7">Suite</th></tr><tr><td><a href="#t0">Test on FF</a></td><td class="num">10</td><td class="num">0</td><td class="num attn">2</td><td class="num">151,154</td><td></td><td></td></tr><tr class="stripe"><td><a href="#t1">Test on Chrome</a></td><td class="num">2</td><td class="num attn">9</td><td class="num attn">1</td><td class="num">641,242</td><td></td><td></td></tr><tr><th>Total</th><th class="num">12</th><th class="num attn">9</th><th class="num attn">3</th><th class="num">792,396</th><th colspan="2"></th></tr></table><table><thead><tr><th>Class</th><th>Method</th><th>Start</th><th>Time (ms)</th></tr></thead><tbody><tr><th colspan="4">Suite</th></tr></tbody><tbody id="t0"><tr><th colspan="4">Test on FF &#8212; failed</th></tr><tr class="failedeven"><td rowspan="1">com.rediff.testcases.HomePageTest</td><td><a href="#m0">TestBrokenLink</a></td><td rowspan="1">1441770936073</td><td rowspan="1">1231</td></tr><tr class="failedodd"><td rowspan="1">com.rediff.testcases.ShoppingPageTest</td><td><a href="#m1">clickOnMenLifeStyleTest</a></td><td rowspan="1">1441771069233</td><td rowspan="1">1</td></tr><tr><th colspan="4">Test on FF &#8212; passed</th></tr><tr class="passedeven"><td rowspan="2">com.rediff.testcases.HomePageTest</td><td><a href="#m2">searchText</a></td><td rowspan="1">1441770949807</td><td rowspan="1">1598</td></tr><tr class="passedeven"><td><a href="#m3">verifyUIElementsOnHomePage</a></td><td rowspan="1">1441770962640</td><td rowspan="1">1429</td></tr><tr class="passedodd"><td rowspan="8">com.rediff.testcases.LoginTest</td><td><a href="#m4">invalidLoginTest</a></td><td rowspan="7">1441771000676</td><td rowspan="7">1863</td></tr><tr class="passedodd"><td><a href="#m5">invalidLoginTest</a></td></tr><tr class="passedodd"><td><a href="#m6">invalidLoginTest</a></td></tr><tr class="passedodd"><td><a href="#m7">invalidLoginTest</a></td></tr><tr class="passedodd"><td><a href="#m8">invalidLoginTest</a></td></tr><tr class="passedodd"><td><a href="#m9">invalidLoginTest</a></td></tr><tr class="passedodd"><td><a href="#m10">invalidLoginTest</a></td></tr><tr class="passedodd"><td><a href="#m11">sucessfullLoginTest</a></td><td rowspan="1">1441771058039</td><td rowspan="1">1797</td></tr></tbody><tbody id="t1"><tr><th colspan="4">Test on Chrome &#8212; failed (configuration methods)</th></tr><tr class="failedeven"><td rowspan="9">com.rediff.testcases.LoginTest</td><td><a href="#m12">TearDown</a></td><td rowspan="8">1441771562125</td><td rowspan="8">0</td></tr><tr class="failedeven"><td><a href="#m13">TearDown</a></td></tr><tr class="failedeven"><td><a href="#m14">TearDown</a></td></tr><tr class="failedeven"><td><a href="#m15">TearDown</a></td></tr><tr class="failedeven"><td><a href="#m16">TearDown</a></td></tr><tr class="failedeven"><td><a href="#m17">TearDown</a></td></tr><tr class="failedeven"><td><a href="#m18">TearDown</a></td></tr><tr class="failedeven"><td><a href="#m19">TearDown</a></td></tr><tr class="failedeven"><td><a href="#m20">beforeMethod</a></td><td rowspan="1">1441770957865</td><td rowspan="1">0</td></tr><tr class="failedodd"><td rowspan="1">com.rediff.testcases.ShoppingPageTest</td><td><a href="#m21">TearDown</a></td><td rowspan="1">1441771563676</td><td rowspan="1">0</td></tr><tr><th colspan="4">Test on Chrome &#8212; failed</th></tr><tr class="failedeven"><td rowspan="1">com.rediff.testcases.HomePageTest</td><td><a href="#m22">TestBrokenLink</a></td><td rowspan="1">1441770929744</td><td rowspan="1">1635</td></tr><tr><th colspan="4">Test on Chrome &#8212; skipped (configuration methods)</th></tr><tr class="skippedeven"><td rowspan="1">com.rediff.testcases.HomePageTest</td><td><a href="#m23">afterSuite</a></td><td rowspan="1">1441771563730</td><td rowspan="1">0</td></tr><tr class="skippedodd"><td rowspan="15">com.rediff.testcases.LoginTest</td><td><a href="#m24">LoginTestSetUp</a></td><td rowspan="8">1441771562142</td><td rowspan="8">0</td></tr><tr class="skippedodd"><td><a href="#m25">LoginTestSetUp</a></td></tr><tr class="skippedodd"><td><a href="#m26">LoginTestSetUp</a></td></tr><tr class="skippedodd"><td><a href="#m27">LoginTestSetUp</a></td></tr><tr class="skippedodd"><td><a href="#m28">LoginTestSetUp</a></td></tr><tr class="skippedodd"><td><a href="#m29">LoginTestSetUp</a></td></tr><tr class="skippedodd"><td><a href="#m30">LoginTestSetUp</a></td></tr><tr class="skippedodd"><td><a href="#m31">LoginTestSetUp</a></td></tr><tr class="skippedodd"><td><a href="#m32">beforeMethod</a></td><td rowspan="7">1441771562126</td><td rowspan="7">0</td></tr><tr class="skippedodd"><td><a href="#m33">beforeMethod</a></td></tr><tr class="skippedodd"><td><a href="#m34">beforeMethod</a></td></tr><tr class="skippedodd"><td><a href="#m35">beforeMethod</a></td></tr><tr class="skippedodd"><td><a href="#m36">beforeMethod</a></td></tr><tr class="skippedodd"><td><a href="#m37">beforeMethod</a></td></tr><tr class="skippedodd"><td><a href="#m38">beforeMethod</a></td></tr><tr class="skippedeven"><td rowspan="2">com.rediff.testcases.ShoppingPageTest</td><td><a href="#m39">LoginTestSetUp</a></td><td rowspan="1">1441771563670</td><td rowspan="1">0</td></tr><tr class="skippedeven"><td><a href="#m40">beforeMethod</a></td><td rowspan="1">1441771563667</td><td rowspan="1">0</td></tr><tr><th colspan="4">Test on Chrome &#8212; skipped</th></tr><tr class="skippedeven"><td rowspan="8">com.rediff.testcases.LoginTest</td><td><a href="#m41">invalidLoginTest</a></td><td rowspan="7">1441771562142</td><td rowspan="7">0</td></tr><tr class="skippedeven"><td><a href="#m42">invalidLoginTest</a></td></tr><tr class="skippedeven"><td><a href="#m43">invalidLoginTest</a></td></tr><tr class="skippedeven"><td><a href="#m44">invalidLoginTest</a></td></tr><tr class="skippedeven"><td><a href="#m45">invalidLoginTest</a></td></tr><tr class="skippedeven"><td><a href="#m46">invalidLoginTest</a></td></tr><tr class="skippedeven"><td><a href="#m47">invalidLoginTest</a></td></tr><tr class="skippedeven"><td><a href="#m48">sucessfullLoginTest</a></td><td rowspan="1">1441771562155</td><td rowspan="1">0</td></tr><tr class="skippedodd"><td rowspan="1">com.rediff.testcases.ShoppingPageTest</td><td><a href="#m49">clickOnMenLifeStyleTest</a></td><td rowspan="1">1441771563671</td><td rowspan="1">1</td></tr><tr><th colspan="4">Test on Chrome &#8212; passed</th></tr><tr class="passedeven"><td rowspan="2">com.rediff.testcases.HomePageTest</td><td><a href="#m50">searchText</a></td><td rowspan="1">1441770943966</td><td rowspan="1">608</td></tr><tr class="passedeven"><td><a href="#m51">verifyUIElementsOnHomePage</a></td><td rowspan="1">1441770955442</td><td rowspan="1">373</td></tr></tbody></table><h2>Test on FF</h2><h3 id="m0">com.rediff.testcases.HomePageTest#TestBrokenLink</h3><table class="result"><tr><th>Messages</th></tr><tr><td><div class="messages">isLinkBroken : http://www.rediff.com/  works fine<br/>isLinkBroken : https://mail.rediff.com/cgi-bin/login.cgi  works fine<br/>isLinkBroken : http://register.rediff.com/register/register.php?FormName=user_details  is invalid<br/>isLinkBroken : https://mail.rediff.com/cgi-bin/login.cgi  works fine<br/>isLinkBroken : http://businessemail.rediff.com/?sc_cid=inhome  works fine<br/>isLinkBroken : http://money.rediff.com/  works fine</div></td></tr><tr><th>Exception</th></tr><tr><td><div class="stacktrace">javax.net.ssl.SSLHandshakeException: sun.security.validator.ValidatorException: PKIX path building failed: sun.security.provider.certpath.SunCertPathBuilderException: unable to find valid certification path to requested target
	at sun.security.ssl.Alerts.getSSLException(Unknown Source)
	at sun.security.ssl.SSLSocketImpl.fatal(Unknown Source)
	at sun.security.ssl.Handshaker.fatalSE(Unknown Source)
	at sun.security.ssl.Handshaker.fatalSE(Unknown Source)
	at sun.security.ssl.ClientHandshaker.serverCertificate(Unknown Source)
	at sun.security.ssl.ClientHandshaker.processMessage(Unknown Source)
	at sun.security.ssl.Handshaker.processLoop(Unknown Source)
	at sun.security.ssl.Handshaker.process_record(Unknown Source)
	at sun.security.ssl.SSLSocketImpl.readRecord(Unknown Source)
	at sun.security.ssl.SSLSocketImpl.performInitialHandshake(Unknown Source)
	at sun.security.ssl.SSLSocketImpl.startHandshake(Unknown Source)
	at sun.security.ssl.SSLSocketImpl.startHandshake(Unknown Source)
	at sun.net.www.protocol.https.HttpsClient.afterConnect(Unknown Source)
	at sun.net.www.protocol.https.AbstractDelegateHttpsURLConnection.setNewClient(Unknown Source)
	at sun.net.www.protocol.https.AbstractDelegateHttpsURLConnection.setNewClient(Unknown Source)
	at sun.net.www.protocol.http.HttpURLConnection.writeRequests(Unknown Source)
	at sun.net.www.protocol.http.HttpURLConnection.getInputStream0(Unknown Source)
	at sun.net.www.protocol.http.HttpURLConnection.getInputStream(Unknown Source)
	at java.net.HttpURLConnection.getResponseCode(Unknown Source)
	at java.net.HttpURLConnection.getResponseMessage(Unknown Source)
	at sun.net.www.protocol.https.HttpsURLConnectionImpl.getResponseMessage(Unknown Source)
	at com.framework.actions.WebAction.getResponseCode(WebAction.java:423)
	at com.framework.actions.WebAction.isLinkBroken(WebAction.java:467)
	at com.rediff.pages.HomePage.verifyAllLinkOnHomePage(HomePage.java:81)
	at com.rediff.testcases.HomePageTest.TestBrokenLink(HomePageTest.java:40)
	at java.util.concurrent.FutureTask.run(Unknown Source)
	at java.util.concurrent.ThreadPoolExecutor.runWorker(Unknown Source)
	at java.util.concurrent.ThreadPoolExecutor$Worker.run(Unknown Source)
	at java.lang.Thread.run(Unknown Source)
Caused by: sun.security.validator.ValidatorException: PKIX path building failed: sun.security.provider.certpath.SunCertPathBuilderException: unable to find valid certification path to requested target
	at sun.security.validator.PKIXValidator.doBuild(Unknown Source)
	at sun.security.validator.PKIXValidator.engineValidate(Unknown Source)
	at sun.security.validator.Validator.validate(Unknown Source)
	at sun.security.ssl.X509TrustManagerImpl.validate(Unknown Source)
	at sun.security.ssl.X509TrustManagerImpl.checkTrusted(Unknown Source)
	at sun.security.ssl.X509TrustManagerImpl.checkServerTrusted(Unknown Source)
	... 41 more
Caused by: sun.security.provider.certpath.SunCertPathBuilderException: unable to find valid certification path to requested target
	at sun.security.provider.certpath.SunCertPathBuilder.build(Unknown Source)
	at sun.security.provider.certpath.SunCertPathBuilder.engineBuild(Unknown Source)
	at java.security.cert.CertPathBuilder.build(Unknown Source)
	... 47 more
... Removed 16 stack frames</div></td></tr></table><p class="totop"><a href="#summary">back to summary</a></p><h3 id="m1">com.rediff.testcases.ShoppingPageTest#clickOnMenLifeStyleTest</h3><table class="result"><tr><th>Exception</th></tr><tr><td><div class="stacktrace">java.lang.NullPointerException
	at com.rediff.testcases.ShoppingPageTest.clickOnMenLifeStyleTest(ShoppingPageTest.java:44)
	at java.util.concurrent.FutureTask.run(Unknown Source)
	at java.util.concurrent.ThreadPoolExecutor.runWorker(Unknown Source)
	at java.util.concurrent.ThreadPoolExecutor$Worker.run(Unknown Source)
	at java.lang.Thread.run(Unknown Source)
... Removed 16 stack frames</div></td></tr></table><p class="totop"><a href="#summary">back to summary</a></p><h3 id="m2">com.rediff.testcases.HomePageTest#searchText</h3><table class="result"><tr class="param"><th>Parameter #1</th></tr><tr class="param stripe"><td>{search=Mobile}</td></tr></table><p class="totop"><a href="#summary">back to summary</a></p><h3 id="m3">com.rediff.testcases.HomePageTest#verifyUIElementsOnHomePage</h3><table class="result"></table><p class="totop"><a href="#summary">back to summary</a></p><h3 id="m4">com.rediff.testcases.LoginTest#invalidLoginTest</h3><table class="result"><tr class="param"><th>Parameter #1</th></tr><tr class="param stripe"><td>{Username=abcd3, Password=abc1234}</td></tr></table><p class="totop"><a href="#summary">back to summary</a></p><h3 id="m5">com.rediff.testcases.LoginTest#invalidLoginTest</h3><table class="result"><tr class="param"><th>Parameter #1</th></tr><tr class="param stripe"><td>{Username=abcd5, Password=abc1234}</td></tr></table><p class="totop"><a href="#summary">back to summary</a></p><h3 id="m6">com.rediff.testcases.LoginTest#invalidLoginTest</h3><table class="result"><tr class="param"><th>Parameter #1</th></tr><tr class="param stripe"><td>{Username=abcd7, Password=.}</td></tr></table><p class="totop"><a href="#summary">back to summary</a></p><h3 id="m7">com.rediff.testcases.LoginTest#invalidLoginTest</h3><table class="result"><tr class="param"><th>Parameter #1</th></tr><tr class="param stripe"><td>{Username=abcd1, Password=aaaaaaaaaa}</td></tr></table><p class="totop"><a href="#summary">back to summary</a></p><h3 id="m8">com.rediff.testcases.LoginTest#invalidLoginTest</h3><table class="result"><tr class="param"><th>Parameter #1</th></tr><tr class="param stripe"><td>{Username=abcd2, Password=}</td></tr></table><p class="totop"><a href="#summary">back to summary</a></p><h3 id="m9">com.rediff.testcases.LoginTest#invalidLoginTest</h3><table class="result"><tr class="param"><th>Parameter #1</th></tr><tr class="param stripe"><td>{Username=abcd6, Password=aaaaaaaaaa}</td></tr></table><p class="totop"><a href="#summary">back to summary</a></p><h3 id="m10">com.rediff.testcases.LoginTest#invalidLoginTest</h3><table class="result"><tr class="param"><th>Parameter #1</th></tr><tr class="param stripe"><td>{Username=abcd4, Password=}</td></tr></table><p class="totop"><a href="#summary">back to summary</a></p><h3 id="m11">com.rediff.testcases.LoginTest#sucessfullLoginTest</h3><table class="result"><tr class="param"><th>Parameter #1</th></tr><tr class="param stripe"><td>{Username=buddhatree, Password=affirm123}</td></tr></table><p class="totop"><a href="#summary">back to summary</a></p><h2>Test on Chrome</h2><h3 id="m12">com.rediff.testcases.LoginTest#TearDown</h3><table class="result"><tr class="param"><th>Parameter #1</th><th>Parameter #2</th></tr><tr class="param stripe"><td>[TestResult name=invalidLoginTest status=SKIP method=LoginTest.invalidLoginTest(java.util.Hashtable)[pri:0, instance:com.rediff.testcases.LoginTest@37f1104d] output={null}]</td><td>public void com.rediff.testcases.LoginTest.invalidLoginTest(java.util.Hashtable) throws com.framework.exception.SeleniumException</td></tr><tr><th colspan="2">Exception</th></tr><tr><td colspan="2"><div class="stacktrace">java.lang.NullPointerException
	at com.relevantcodes.extentreports.ExtentReports.endTest(ExtentReports.java:150)
	at com.framework.testtemplate.TestBase.TearDown(TestBase.java:176)
	at java.util.concurrent.FutureTask.run(Unknown Source)
	at java.util.concurrent.ThreadPoolExecutor.runWorker(Unknown Source)
	at java.util.concurrent.ThreadPoolExecutor$Worker.run(Unknown Source)
	at java.lang.Thread.run(Unknown Source)
... Removed 17 stack frames</div></td></tr></table><p class="totop"><a href="#summary">back to summary</a></p><h3 id="m13">com.rediff.testcases.LoginTest#TearDown</h3><table class="result"><tr class="param"><th>Parameter #1</th><th>Parameter #2</th></tr><tr class="param stripe"><td>[TestResult name=invalidLoginTest status=SKIP method=LoginTest.invalidLoginTest(java.util.Hashtable)[pri:0, instance:com.rediff.testcases.LoginTest@37f1104d] output={null}]</td><td>public void com.rediff.testcases.LoginTest.invalidLoginTest(java.util.Hashtable) throws com.framework.exception.SeleniumException</td></tr><tr><th colspan="2">Exception</th></tr><tr><td colspan="2"><div class="stacktrace">java.lang.NullPointerException
	at com.relevantcodes.extentreports.ExtentReports.endTest(ExtentReports.java:150)
	at com.framework.testtemplate.TestBase.TearDown(TestBase.java:176)
	at java.util.concurrent.FutureTask.run(Unknown Source)
	at java.util.concurrent.ThreadPoolExecutor.runWorker(Unknown Source)
	at java.util.concurrent.ThreadPoolExecutor$Worker.run(Unknown Source)
	at java.lang.Thread.run(Unknown Source)
... Removed 17 stack frames</div></td></tr></table><p class="totop"><a href="#summary">back to summary</a></p><h3 id="m14">com.rediff.testcases.LoginTest#TearDown</h3><table class="result"><tr class="param"><th>Parameter #1</th><th>Parameter #2</th></tr><tr class="param stripe"><td>[TestResult name=invalidLoginTest status=SKIP method=LoginTest.invalidLoginTest(java.util.Hashtable)[pri:0, instance:com.rediff.testcases.LoginTest@37f1104d] output={null}]</td><td>public void com.rediff.testcases.LoginTest.invalidLoginTest(java.util.Hashtable) throws com.framework.exception.SeleniumException</td></tr><tr><th colspan="2">Exception</th></tr><tr><td colspan="2"><div class="stacktrace">java.lang.NullPointerException
	at com.relevantcodes.extentreports.ExtentReports.endTest(ExtentReports.java:150)
	at com.framework.testtemplate.TestBase.TearDown(TestBase.java:176)
	at java.util.concurrent.FutureTask.run(Unknown Source)
	at java.util.concurrent.ThreadPoolExecutor.runWorker(Unknown Source)
	at java.util.concurrent.ThreadPoolExecutor$Worker.run(Unknown Source)
	at java.lang.Thread.run(Unknown Source)
... Removed 17 stack frames</div></td></tr></table><p class="totop"><a href="#summary">back to summary</a></p><h3 id="m15">com.rediff.testcases.LoginTest#TearDown</h3><table class="result"><tr class="param"><th>Parameter #1</th><th>Parameter #2</th></tr><tr class="param stripe"><td>[TestResult name=invalidLoginTest status=SKIP method=LoginTest.invalidLoginTest(java.util.Hashtable)[pri:0, instance:com.rediff.testcases.LoginTest@37f1104d] output={null}]</td><td>public void com.rediff.testcases.LoginTest.invalidLoginTest(java.util.Hashtable) throws com.framework.exception.SeleniumException</td></tr><tr><th colspan="2">Exception</th></tr><tr><td colspan="2"><div class="stacktrace">java.lang.NullPointerException
	at com.relevantcodes.extentreports.ExtentReports.endTest(ExtentReports.java:150)
	at com.framework.testtemplate.TestBase.TearDown(TestBase.java:176)
	at java.util.concurrent.FutureTask.run(Unknown Source)
	at java.util.concurrent.ThreadPoolExecutor.runWorker(Unknown Source)
	at java.util.concurrent.ThreadPoolExecutor$Worker.run(Unknown Source)
	at java.lang.Thread.run(Unknown Source)
... Removed 17 stack frames</div></td></tr></table><p class="totop"><a href="#summary">back to summary</a></p><h3 id="m16">com.rediff.testcases.LoginTest#TearDown</h3><table class="result"><tr class="param"><th>Parameter #1</th><th>Parameter #2</th></tr><tr class="param stripe"><td>[TestResult name=invalidLoginTest status=SKIP method=LoginTest.invalidLoginTest(java.util.Hashtable)[pri:0, instance:com.rediff.testcases.LoginTest@37f1104d] output={null}]</td><td>public void com.rediff.testcases.LoginTest.invalidLoginTest(java.util.Hashtable) throws com.framework.exception.SeleniumException</td></tr><tr><th colspan="2">Exception</th></tr><tr><td colspan="2"><div class="stacktrace">java.lang.NullPointerException
	at com.relevantcodes.extentreports.ExtentReports.endTest(ExtentReports.java:150)
	at com.framework.testtemplate.TestBase.TearDown(TestBase.java:176)
	at java.util.concurrent.FutureTask.run(Unknown Source)
	at java.util.concurrent.ThreadPoolExecutor.runWorker(Unknown Source)
	at java.util.concurrent.ThreadPoolExecutor$Worker.run(Unknown Source)
	at java.lang.Thread.run(Unknown Source)
... Removed 17 stack frames</div></td></tr></table><p class="totop"><a href="#summary">back to summary</a></p><h3 id="m17">com.rediff.testcases.LoginTest#TearDown</h3><table class="result"><tr class="param"><th>Parameter #1</th><th>Parameter #2</th></tr><tr class="param stripe"><td>[TestResult name=invalidLoginTest status=SKIP method=LoginTest.invalidLoginTest(java.util.Hashtable)[pri:0, instance:com.rediff.testcases.LoginTest@37f1104d] output={null}]</td><td>public void com.rediff.testcases.LoginTest.invalidLoginTest(java.util.Hashtable) throws com.framework.exception.SeleniumException</td></tr><tr><th colspan="2">Exception</th></tr><tr><td colspan="2"><div class="stacktrace">java.lang.NullPointerException
	at com.relevantcodes.extentreports.ExtentReports.endTest(ExtentReports.java:150)
	at com.framework.testtemplate.TestBase.TearDown(TestBase.java:176)
	at java.util.concurrent.FutureTask.run(Unknown Source)
	at java.util.concurrent.ThreadPoolExecutor.runWorker(Unknown Source)
	at java.util.concurrent.ThreadPoolExecutor$Worker.run(Unknown Source)
	at java.lang.Thread.run(Unknown Source)
... Removed 18 stack frames</div></td></tr></table><p class="totop"><a href="#summary">back to summary</a></p><h3 id="m18">com.rediff.testcases.LoginTest#TearDown</h3><table class="result"><tr class="param"><th>Parameter #1</th><th>Parameter #2</th></tr><tr class="param stripe"><td>[TestResult name=invalidLoginTest status=SKIP method=LoginTest.invalidLoginTest(java.util.Hashtable)[pri:0, instance:com.rediff.testcases.LoginTest@37f1104d] output={null}]</td><td>public void com.rediff.testcases.LoginTest.invalidLoginTest(java.util.Hashtable) throws com.framework.exception.SeleniumException</td></tr><tr><th colspan="2">Exception</th></tr><tr><td colspan="2"><div class="stacktrace">java.lang.NullPointerException
	at com.relevantcodes.extentreports.ExtentReports.endTest(ExtentReports.java:150)
	at com.framework.testtemplate.TestBase.TearDown(TestBase.java:176)
	at java.util.concurrent.FutureTask.run(Unknown Source)
	at java.util.concurrent.ThreadPoolExecutor.runWorker(Unknown Source)
	at java.util.concurrent.ThreadPoolExecutor$Worker.run(Unknown Source)
	at java.lang.Thread.run(Unknown Source)
... Removed 17 stack frames</div></td></tr></table><p class="totop"><a href="#summary">back to summary</a></p><h3 id="m19">com.rediff.testcases.LoginTest#TearDown</h3><table class="result"><tr class="param"><th>Parameter #1</th><th>Parameter #2</th></tr><tr class="param stripe"><td>[TestResult name=sucessfullLoginTest status=SKIP method=LoginTest.sucessfullLoginTest(java.util.Hashtable)[pri:0, instance:com.rediff.testcases.LoginTest@37f1104d] output={null}]</td><td>public void com.rediff.testcases.LoginTest.sucessfullLoginTest(java.util.Hashtable) throws com.framework.exception.SeleniumException</td></tr><tr><th colspan="2">Exception</th></tr><tr><td colspan="2"><div class="stacktrace">java.lang.NullPointerException
	at com.relevantcodes.extentreports.ExtentReports.endTest(ExtentReports.java:150)
	at com.framework.testtemplate.TestBase.TearDown(TestBase.java:176)
	at java.util.concurrent.FutureTask.run(Unknown Source)
	at java.util.concurrent.ThreadPoolExecutor.runWorker(Unknown Source)
	at java.util.concurrent.ThreadPoolExecutor$Worker.run(Unknown Source)
	at java.lang.Thread.run(Unknown Source)
... Removed 17 stack frames</div></td></tr></table><p class="totop"><a href="#summary">back to summary</a></p><h3 id="m20">com.rediff.testcases.LoginTest#beforeMethod</h3><table class="result"><tr class="param"><th>Parameter #1</th><th>Parameter #2</th></tr><tr class="param stripe"><td>public void com.rediff.testcases.LoginTest.invalidLoginTest(java.util.Hashtable) throws com.framework.exception.SeleniumException</td><td>Chrome</td></tr><tr><th colspan="2">Exception</th></tr><tr><td colspan="2"><div class="stacktrace">org.openqa.selenium.TimeoutException: timeout: Timed out receiving message from renderer: 600.000
  (Session info: chrome=45.0.2454.85)
  (Driver info: chromedriver=2.18.343845 (73dd713ba7fbfb73cbb514e62641d8c96a94682a),platform=Windows NT 6.1 SP1 x86_64) (WARNING: The server did not provide any stacktrace information)
Command duration or timeout: 600.04 seconds
Build info: version: &apos;2.47.1&apos;, revision: &apos;unknown&apos;, time: &apos;2015-07-30 11:02:44&apos;
System info: host: &apos;Shankar-PC&apos;, ip: &apos;192.168.1.2&apos;, os.name: &apos;Windows 7&apos;, os.arch: &apos;amd64&apos;, os.version: &apos;6.1&apos;, java.version: &apos;1.8.0_60&apos;
Driver info: org.openqa.selenium.chrome.ChromeDriver
Capabilities [{applicationCacheEnabled=false, rotatable=false, mobileEmulationEnabled=false, chrome={userDataDir=C:\Users\Shankar\AppData\Local\Temp\scoped_dir6952_9879}, takesHeapSnapshot=true, databaseEnabled=false, handlesAlerts=true, hasTouchScreen=false, version=45.0.2454.85, platform=XP, browserConnectionEnabled=false, nativeEvents=true, acceptSslCerts=true, locationContextEnabled=true, webStorageEnabled=true, browserName=chrome, takesScreenshot=true, javascriptEnabled=true, cssSelectorsEnabled=true}]
Session ID: 524cfa2941bb5ed21c4bff8bc5dbb634
	at org.openqa.selenium.remote.ErrorHandler.createThrowable(ErrorHandler.java:206)
	at org.openqa.selenium.remote.ErrorHandler.throwIfResponseFailed(ErrorHandler.java:158)
	at org.openqa.selenium.remote.RemoteWebDriver.execute(RemoteWebDriver.java:595)
	at org.openqa.selenium.remote.RemoteWebDriver.get(RemoteWebDriver.java:306)
	at com.framework.testtemplate.TestBase.startWebDriver(TestBase.java:112)
	at com.framework.testtemplate.TestBase.beforeMethod(TestBase.java:77)
	at java.util.concurrent.FutureTask.run(Unknown Source)
	at java.util.concurrent.ThreadPoolExecutor.runWorker(Unknown Source)
	at java.util.concurrent.ThreadPoolExecutor$Worker.run(Unknown Source)
	at java.lang.Thread.run(Unknown Source)
... Removed 22 stack frames</div></td></tr></table><p class="totop"><a href="#summary">back to summary</a></p><h3 id="m21">com.rediff.testcases.ShoppingPageTest#TearDown</h3><table class="result"><tr class="param"><th>Parameter #1</th><th>Parameter #2</th></tr><tr class="param stripe"><td>[TestResult name=clickOnMenLifeStyleTest status=SKIP method=ShoppingPageTest.clickOnMenLifeStyleTest()[pri:0, instance:com.rediff.testcases.ShoppingPageTest@60015ef5] output={null}]</td><td>public void com.rediff.testcases.ShoppingPageTest.clickOnMenLifeStyleTest() throws com.framework.exception.SeleniumException</td></tr><tr><th colspan="2">Exception</th></tr><tr><td colspan="2"><div class="stacktrace">java.lang.NullPointerException
	at com.relevantcodes.extentreports.ExtentReports.endTest(ExtentReports.java:150)
	at com.framework.testtemplate.TestBase.TearDown(TestBase.java:176)
	at java.util.concurrent.FutureTask.run(Unknown Source)
	at java.util.concurrent.ThreadPoolExecutor.runWorker(Unknown Source)
	at java.util.concurrent.ThreadPoolExecutor$Worker.run(Unknown Source)
	at java.lang.Thread.run(Unknown Source)
... Removed 17 stack frames</div></td></tr></table><p class="totop"><a href="#summary">back to summary</a></p><h3 id="m22">com.rediff.testcases.HomePageTest#TestBrokenLink</h3><table class="result"><tr><th>Messages</th></tr><tr><td><div class="messages">isLinkBroken : https://mail.rediff.com/cgi-bin/login.cgi  works fine<br/>isLinkBroken : http://register.rediff.com/register/register.php?FormName=user_details  is invalid<br/>isLinkBroken : https://mail.rediff.com/cgi-bin/login.cgi  works fine<br/>isLinkBroken : http://businessemail.rediff.com/?sc_cid=inhome  works fine<br/>isLinkBroken : http://money.rediff.com/  works fine</div></td></tr><tr><th>Exception</th></tr><tr><td><div class="stacktrace">javax.net.ssl.SSLHandshakeException: sun.security.validator.ValidatorException: PKIX path building failed: sun.security.provider.certpath.SunCertPathBuilderException: unable to find valid certification path to requested target
	at sun.security.ssl.Alerts.getSSLException(Unknown Source)
	at sun.security.ssl.SSLSocketImpl.fatal(Unknown Source)
	at sun.security.ssl.Handshaker.fatalSE(Unknown Source)
	at sun.security.ssl.Handshaker.fatalSE(Unknown Source)
	at sun.security.ssl.ClientHandshaker.serverCertificate(Unknown Source)
	at sun.security.ssl.ClientHandshaker.processMessage(Unknown Source)
	at sun.security.ssl.Handshaker.processLoop(Unknown Source)
	at sun.security.ssl.Handshaker.process_record(Unknown Source)
	at sun.security.ssl.SSLSocketImpl.readRecord(Unknown Source)
	at sun.security.ssl.SSLSocketImpl.performInitialHandshake(Unknown Source)
	at sun.security.ssl.SSLSocketImpl.startHandshake(Unknown Source)
	at sun.security.ssl.SSLSocketImpl.startHandshake(Unknown Source)
	at sun.net.www.protocol.https.HttpsClient.afterConnect(Unknown Source)
	at sun.net.www.protocol.https.AbstractDelegateHttpsURLConnection.setNewClient(Unknown Source)
	at sun.net.www.protocol.https.AbstractDelegateHttpsURLConnection.setNewClient(Unknown Source)
	at sun.net.www.protocol.http.HttpURLConnection.writeRequests(Unknown Source)
	at sun.net.www.protocol.http.HttpURLConnection.getInputStream0(Unknown Source)
	at sun.net.www.protocol.http.HttpURLConnection.getInputStream(Unknown Source)
	at java.net.HttpURLConnection.getResponseCode(Unknown Source)
	at java.net.HttpURLConnection.getResponseMessage(Unknown Source)
	at sun.net.www.protocol.https.HttpsURLConnectionImpl.getResponseMessage(Unknown Source)
	at com.framework.actions.WebAction.getResponseCode(WebAction.java:423)
	at com.framework.actions.WebAction.isLinkBroken(WebAction.java:467)
	at com.rediff.pages.HomePage.verifyAllLinkOnHomePage(HomePage.java:81)
	at com.rediff.testcases.HomePageTest.TestBrokenLink(HomePageTest.java:40)
	at java.util.concurrent.FutureTask.run(Unknown Source)
	at java.util.concurrent.ThreadPoolExecutor.runWorker(Unknown Source)
	at java.util.concurrent.ThreadPoolExecutor$Worker.run(Unknown Source)
	at java.lang.Thread.run(Unknown Source)
Caused by: sun.security.validator.ValidatorException: PKIX path building failed: sun.security.provider.certpath.SunCertPathBuilderException: unable to find valid certification path to requested target
	at sun.security.validator.PKIXValidator.doBuild(Unknown Source)
	at sun.security.validator.PKIXValidator.engineValidate(Unknown Source)
	at sun.security.validator.Validator.validate(Unknown Source)
	at sun.security.ssl.X509TrustManagerImpl.validate(Unknown Source)
	at sun.security.ssl.X509TrustManagerImpl.checkTrusted(Unknown Source)
	at sun.security.ssl.X509TrustManagerImpl.checkServerTrusted(Unknown Source)
	... 41 more
Caused by: sun.security.provider.certpath.SunCertPathBuilderException: unable to find valid certification path to requested target
	at sun.security.provider.certpath.SunCertPathBuilder.build(Unknown Source)
	at sun.security.provider.certpath.SunCertPathBuilder.engineBuild(Unknown Source)
	at java.security.cert.CertPathBuilder.build(Unknown Source)
	... 47 more
... Removed 16 stack frames</div></td></tr></table><p class="totop"><a href="#summary">back to summary</a></p><h3 id="m23">com.rediff.testcases.HomePageTest#afterSuite</h3><table class="result"></table><p class="totop"><a href="#summary">back to summary</a></p><h3 id="m24">com.rediff.testcases.LoginTest#LoginTestSetUp</h3><table class="result"></table><p class="totop"><a href="#summary">back to summary</a></p><h3 id="m25">com.rediff.testcases.LoginTest#LoginTestSetUp</h3><table class="result"></table><p class="totop"><a href="#summary">back to summary</a></p><h3 id="m26">com.rediff.testcases.LoginTest#LoginTestSetUp</h3><table class="result"></table><p class="totop"><a href="#summary">back to summary</a></p><h3 id="m27">com.rediff.testcases.LoginTest#LoginTestSetUp</h3><table class="result"></table><p class="totop"><a href="#summary">back to summary</a></p><h3 id="m28">com.rediff.testcases.LoginTest#LoginTestSetUp</h3><table class="result"></table><p class="totop"><a href="#summary">back to summary</a></p><h3 id="m29">com.rediff.testcases.LoginTest#LoginTestSetUp</h3><table class="result"></table><p class="totop"><a href="#summary">back to summary</a></p><h3 id="m30">com.rediff.testcases.LoginTest#LoginTestSetUp</h3><table class="result"></table><p class="totop"><a href="#summary">back to summary</a></p><h3 id="m31">com.rediff.testcases.LoginTest#LoginTestSetUp</h3><table class="result"></table><p class="totop"><a href="#summary">back to summary</a></p><h3 id="m32">com.rediff.testcases.LoginTest#beforeMethod</h3><table class="result"></table><p class="totop"><a href="#summary">back to summary</a></p><h3 id="m33">com.rediff.testcases.LoginTest#beforeMethod</h3><table class="result"></table><p class="totop"><a href="#summary">back to summary</a></p><h3 id="m34">com.rediff.testcases.LoginTest#beforeMethod</h3><table class="result"></table><p class="totop"><a href="#summary">back to summary</a></p><h3 id="m35">com.rediff.testcases.LoginTest#beforeMethod</h3><table class="result"></table><p class="totop"><a href="#summary">back to summary</a></p><h3 id="m36">com.rediff.testcases.LoginTest#beforeMethod</h3><table class="result"></table><p class="totop"><a href="#summary">back to summary</a></p><h3 id="m37">com.rediff.testcases.LoginTest#beforeMethod</h3><table class="result"></table><p class="totop"><a href="#summary">back to summary</a></p><h3 id="m38">com.rediff.testcases.LoginTest#beforeMethod</h3><table class="result"></table><p class="totop"><a href="#summary">back to summary</a></p><h3 id="m39">com.rediff.testcases.ShoppingPageTest#LoginTestSetUp</h3><table class="result"></table><p class="totop"><a href="#summary">back to summary</a></p><h3 id="m40">com.rediff.testcases.ShoppingPageTest#beforeMethod</h3><table class="result"></table><p class="totop"><a href="#summary">back to summary</a></p><h3 id="m41">com.rediff.testcases.LoginTest#invalidLoginTest</h3><table class="result"><tr class="param"><th>Parameter #1</th></tr><tr class="param stripe"><td>{Username=abcd7, Password=.}</td></tr></table><p class="totop"><a href="#summary">back to summary</a></p><h3 id="m42">com.rediff.testcases.LoginTest#invalidLoginTest</h3><table class="result"><tr class="param"><th>Parameter #1</th></tr><tr class="param stripe"><td>{Username=abcd2, Password=}</td></tr></table><p class="totop"><a href="#summary">back to summary</a></p><h3 id="m43">com.rediff.testcases.LoginTest#invalidLoginTest</h3><table class="result"><tr class="param"><th>Parameter #1</th></tr><tr class="param stripe"><td>{Username=abcd3, Password=abc1234}</td></tr></table><p class="totop"><a href="#summary">back to summary</a></p><h3 id="m44">com.rediff.testcases.LoginTest#invalidLoginTest</h3><table class="result"><tr class="param"><th>Parameter #1</th></tr><tr class="param stripe"><td>{Username=abcd6, Password=aaaaaaaaaa}</td></tr></table><p class="totop"><a href="#summary">back to summary</a></p><h3 id="m45">com.rediff.testcases.LoginTest#invalidLoginTest</h3><table class="result"><tr class="param"><th>Parameter #1</th></tr><tr class="param stripe"><td>{Username=abcd5, Password=abc1234}</td></tr></table><p class="totop"><a href="#summary">back to summary</a></p><h3 id="m46">com.rediff.testcases.LoginTest#invalidLoginTest</h3><table class="result"><tr class="param"><th>Parameter #1</th></tr><tr class="param stripe"><td>{Username=abcd4, Password=}</td></tr></table><p class="totop"><a href="#summary">back to summary</a></p><h3 id="m47">com.rediff.testcases.LoginTest#invalidLoginTest</h3><table class="result"><tr class="param"><th>Parameter #1</th></tr><tr class="param stripe"><td>{Username=abcd1, Password=aaaaaaaaaa}</td></tr></table><p class="totop"><a href="#summary">back to summary</a></p><h3 id="m48">com.rediff.testcases.LoginTest#sucessfullLoginTest</h3><table class="result"><tr class="param"><th>Parameter #1</th></tr><tr class="param stripe"><td>{Username=buddhatree, Password=affirm123}</td></tr></table><p class="totop"><a href="#summary">back to summary</a></p><h3 id="m49">com.rediff.testcases.ShoppingPageTest#clickOnMenLifeStyleTest</h3><table class="result"></table><p class="totop"><a href="#summary">back to summary</a></p><h3 id="m50">com.rediff.testcases.HomePageTest#searchText</h3><table class="result"><tr class="param"><th>Parameter #1</th></tr><tr class="param stripe"><td>{search=Mobile}</td></tr></table><p class="totop"><a href="#summary">back to summary</a></p><h3 id="m51">com.rediff.testcases.HomePageTest#verifyUIElementsOnHomePage</h3><table class="result"></table><p class="totop"><a href="#summary">back to summary</a></p></body></html>